2024-01-26 08:16:01,558 [INFO] Activator:176 - 


2024-01-26 08:16:01,558 [INFO] Activator:177 - !SESSION log4j initialized
2024-01-26 08:16:05,539 [INFO] LogOutputStream:77 - [STDOUT_REDIRECT] 
2024-01-26 08:16:11,584 [INFO] ApplicationProperties:184 - Using Application install path: C:\ST\STM32CubeIDE_1.14.0\STM32CubeIDE\plugins\com.st.stm32cube.common.mx_6.10.0.202311202037
2024-01-26 08:16:11,601 [INFO] DbMcusXml:78 - Set database path to: C:\ST\STM32CubeIDE_1.14.0\STM32CubeIDE\plugins\com.st.stm32cube.common.mx_6.10.0.202311202037\\db\/mcu/
2024-01-26 08:16:11,601 [INFO] ApiDb:274 - Set plugin database path to: C:\ST\STM32CubeIDE_1.14.0\STM32CubeIDE\plugins\com.st.stm32cube.common.mx_6.10.0.202311202037\\db\/plugins/boardmanager/
2024-01-26 08:16:11,602 [WARN] ApiDb:259 - Overriding images path with different value:  => C:\ST\STM32CubeIDE_1.14.0\STM32CubeIDE\plugins\com.st.stm32cube.common.mx_6.10.0.202311202037\\db\/plugins/mcufinder/images/
2024-01-26 08:16:11,608 [INFO] ApiDb:250 - Set database path to: C:\Users\SSAFY\.stmcufinder\plugins\mcufinder//mcu/
2024-01-26 08:16:11,609 [INFO] DbMcusAds:125 - Set database path to: C:\Users\SSAFY\.stmcufinder\plugins\mcufinder//mcu/
2024-01-26 08:16:11,610 [INFO] CrossReferenceDbSqlite:203 - Set database path to: C:\Users\SSAFY\.stmcufinder\plugins\mcufinder//mcu/cs/
2024-01-26 08:16:11,696 [INFO] RulesReader:64 - Compatibility file has been processed (297 Rules)
2024-01-26 08:16:11,759 [INFO] DbMcusXml:78 - Set database path to: C:\ST\STM32CubeIDE_1.14.0\STM32CubeIDE\plugins\com.st.stm32cube.common.mx_6.10.0.202311202037\\db\/mcu/
2024-01-26 08:16:11,759 [INFO] ApiDb:274 - Set plugin database path to: C:\ST\STM32CubeIDE_1.14.0\STM32CubeIDE\plugins\com.st.stm32cube.common.mx_6.10.0.202311202037\\db\/plugins/boardmanager/
2024-01-26 08:16:11,759 [INFO] ApiDb:261 - Set plugin images path to: C:\ST\STM32CubeIDE_1.14.0\STM32CubeIDE\plugins\com.st.stm32cube.common.mx_6.10.0.202311202037\\db\/plugins/mcufinder/images/
2024-01-26 08:16:11,759 [WARN] DbFile:41 - Overriding database path with different value: C:\Users\SSAFY\.stmcufinder\plugins\mcufinder/ => C:\Users\SSAFY\.stmcufinder\plugins\mcufinder
2024-01-26 08:16:11,759 [INFO] ApiDb:250 - Set database path to: C:\Users\SSAFY\.stmcufinder\plugins\mcufinder//mcu/
2024-01-26 08:16:11,759 [WARN] DbFile:41 - Overriding database path with different value: C:\Users\SSAFY\.stmcufinder\plugins\mcufinder/ => C:\Users\SSAFY\.stmcufinder\plugins\mcufinder
2024-01-26 08:16:11,759 [INFO] DbMcusAds:125 - Set database path to: C:\Users\SSAFY\.stmcufinder\plugins\mcufinder//mcu/
2024-01-26 08:16:11,759 [WARN] DbFile:41 - Overriding database path with different value: C:\Users\SSAFY\.stmcufinder\plugins\mcufinder/ => C:\Users\SSAFY\.stmcufinder\plugins\mcufinder
2024-01-26 08:16:11,760 [WARN] DbFile:41 - Overriding database path with different value: C:\Users\SSAFY\.stmcufinder\plugins\mcufinder/ => C:\Users\SSAFY\.stmcufinder\plugins\mcufinder
2024-01-26 08:16:11,760 [INFO] CrossReferenceDbSqlite:203 - Set database path to: C:\Users\SSAFY\.stmcufinder\plugins\mcufinder//mcu/cs/
2024-01-26 08:16:11,821 [INFO] MainPanel:264 - HeapMemory: 268435456
2024-01-26 08:16:11,891 [INFO] DbMcusXml:78 - Set database path to: C:\ST\STM32CubeIDE_1.14.0\STM32CubeIDE\plugins\com.st.stm32cube.common.mx_6.10.0.202311202037\\db\/mcu/
2024-01-26 08:16:11,891 [INFO] ApiDb:274 - Set plugin database path to: C:\ST\STM32CubeIDE_1.14.0\STM32CubeIDE\plugins\com.st.stm32cube.common.mx_6.10.0.202311202037\\db\/plugins/boardmanager/
2024-01-26 08:16:11,891 [INFO] ApiDb:261 - Set plugin images path to: C:\ST\STM32CubeIDE_1.14.0\STM32CubeIDE\plugins\com.st.stm32cube.common.mx_6.10.0.202311202037\\db\/plugins/mcufinder/images/
2024-01-26 08:16:11,892 [WARN] DbFile:41 - Overriding database path with different value: C:\Users\SSAFY\.stmcufinder\plugins\mcufinder/ => C:\Users\SSAFY\.stmcufinder\plugins\mcufinder
2024-01-26 08:16:11,892 [INFO] ApiDb:250 - Set database path to: C:\Users\SSAFY\.stmcufinder\plugins\mcufinder//mcu/
2024-01-26 08:16:11,892 [WARN] DbFile:41 - Overriding database path with different value: C:\Users\SSAFY\.stmcufinder\plugins\mcufinder/ => C:\Users\SSAFY\.stmcufinder\plugins\mcufinder
2024-01-26 08:16:11,892 [INFO] DbMcusAds:125 - Set database path to: C:\Users\SSAFY\.stmcufinder\plugins\mcufinder//mcu/
2024-01-26 08:16:11,892 [WARN] DbFile:41 - Overriding database path with different value: C:\Users\SSAFY\.stmcufinder\plugins\mcufinder/ => C:\Users\SSAFY\.stmcufinder\plugins\mcufinder
2024-01-26 08:16:11,892 [WARN] DbFile:41 - Overriding database path with different value: C:\Users\SSAFY\.stmcufinder\plugins\mcufinder/ => C:\Users\SSAFY\.stmcufinder\plugins\mcufinder
2024-01-26 08:16:11,892 [INFO] CrossReferenceDbSqlite:203 - Set database path to: C:\Users\SSAFY\.stmcufinder\plugins\mcufinder//mcu/cs/
2024-01-26 08:16:11,906 [INFO] ApplicationProperties:184 - Using Application install path: C:\ST\STM32CubeIDE_1.14.0\STM32CubeIDE\plugins\com.st.stm32cube.common.mx_6.10.0.202311202037
2024-01-26 08:16:11,908 [INFO] PluginManage:196 - Search for loadable plugins [exclusion list=, ]
2024-01-26 08:16:11,908 [INFO] PluginManage:310 - Check plugin analytics
2024-01-26 08:16:16,563 [INFO] AnalyticsPlugin:253 - Accepted Software Licenses: 
2024-01-26 08:16:16,564 [INFO] AnalyticsPlugin:255 - Accepted CMSIS Pack Licenses: 
2024-01-26 08:16:16,564 [INFO] AnalyticsPlugin:257 - Accepted Firmware Licenses: 
2024-01-26 08:16:16,566 [INFO] PluginManage:359 - Loaded plugin analytics (category:tool,tabindex:-1)
2024-01-26 08:16:16,566 [INFO] PluginManage:310 - Check plugin cadmodel
2024-01-26 08:16:16,585 [INFO] CADModel:105 - Init CAD model plugin
2024-01-26 08:16:16,585 [INFO] PluginManage:359 - Loaded plugin cadmodel (category:power,tabindex:5)
2024-01-26 08:16:16,585 [INFO] PluginManage:310 - Check plugin clock
2024-01-26 08:16:16,601 [INFO] PluginManage:359 - Loaded plugin clock (category:base,tabindex:2)
2024-01-26 08:16:16,601 [INFO] PluginManage:310 - Check plugin ddr
2024-01-26 08:16:16,602 [INFO] PluginManage:359 - Loaded plugin ddr (category:tool,tabindex:6)
2024-01-26 08:16:16,603 [INFO] PluginManage:310 - Check plugin filemanager
2024-01-26 08:16:16,700 [INFO] PluginManage:359 - Loaded plugin filemanager (category:base,tabindex:10)
2024-01-26 08:16:16,701 [INFO] PluginManage:310 - Check plugin ipmanager
2024-01-26 08:16:16,705 [INFO] PluginManage:359 - Loaded plugin ipmanager (category:base,tabindex:5)
2024-01-26 08:16:16,705 [INFO] PluginManage:310 - Check plugin lpbam
2024-01-26 08:16:16,716 [INFO] PluginManage:359 - Loaded plugin lpbam (category:base,tabindex:0)
2024-01-26 08:16:16,716 [INFO] PluginManage:310 - Check plugin memorymap
2024-01-26 08:16:16,728 [INFO] PluginManage:359 - Loaded plugin memorymap (category:base,tabindex:4)
2024-01-26 08:16:16,728 [INFO] PluginManage:310 - Check plugin pinoutandconfiguration
2024-01-26 08:16:16,738 [INFO] PluginManage:359 - Loaded plugin pinoutandconfiguration (category:base,tabindex:1)
2024-01-26 08:16:16,739 [INFO] PluginManage:310 - Check plugin pinoutconfig
2024-01-26 08:16:16,811 [WARN] SupportedApi:132 - Cannot load RTOS API schema: s4s-elt-must-match.1: The content of 'definitions' must match (annotation?, (simpleType | complexType)?, (unique | key | keyref)*)). A problem was found starting at: attribute.
2024-01-26 08:16:16,902 [INFO] PluginManage:359 - Loaded plugin pinoutconfig (category:base,tabindex:0)
2024-01-26 08:16:16,902 [INFO] PluginManage:310 - Check plugin power
2024-01-26 08:16:16,925 [INFO] PluginManage:359 - Loaded plugin power (category:power,tabindex:4)
2024-01-26 08:16:16,926 [INFO] PluginManage:310 - Check plugin projectmanager
2024-01-26 08:16:16,938 [INFO] PluginManage:359 - Loaded plugin projectmanager (category:projectmanager,tabindex:3)
2024-01-26 08:16:16,938 [INFO] PluginManage:310 - Check plugin thirdparty
2024-01-26 08:16:17,070 [INFO] PluginManage:359 - Loaded plugin thirdparty (category:base,tabindex:-1)
2024-01-26 08:16:17,070 [INFO] PluginManage:310 - Check plugin tools
2024-01-26 08:16:17,070 [WARN] IntegrityCheckThread:84 - waiting for thirdparty lock release [integrity check]
2024-01-26 08:16:17,070 [INFO] IntegrityCheckThread:86 - entering critical section [integrity check]
2024-01-26 08:16:17,071 [INFO] ThirdPartyUpdaterWithRetryManager:70 - Updater plugin not ready yet. [1/15]
2024-01-26 08:16:17,075 [INFO] PluginManage:359 - Loaded plugin tools (category:base,tabindex:7)
2024-01-26 08:16:17,076 [INFO] PluginManage:310 - Check plugin tutovideos
2024-01-26 08:16:17,209 [INFO] PluginManage:359 - Loaded plugin tutovideos (category:base,tabindex:-1)
2024-01-26 08:16:17,209 [INFO] PluginManage:310 - Check plugin updater
2024-01-26 08:16:17,219 [INFO] PluginManage:359 - Loaded plugin updater (category:base,tabindex:12)
2024-01-26 08:16:17,219 [INFO] PluginManage:310 - Check plugin userauth
2024-01-26 08:16:17,223 [INFO] UserAuth:114 - Init User Auth plugin
2024-01-26 08:16:17,223 [INFO] PluginManage:359 - Loaded plugin userauth (category:base,tabindex:14)
2024-01-26 08:16:17,223 [INFO] PluginManage:283 - PluginManage : Loaded plugins [17]
2024-01-26 08:16:17,387 [INFO] PinOutPanel:1499 - setPackage(No Configuration,No Configuration)
2024-01-26 08:16:17,457 [INFO] CADModel:165 - CPN selected for project level
2024-01-26 08:16:17,458 [INFO] CADModel:114 - Register for checkConnection events
2024-01-26 08:16:17,474 [INFO] IPUIPlugin:80 - create IPUIPlugin
2024-01-26 08:16:17,474 [INFO] PluginManager:220 - loadIPPluginJar : add adc
2024-01-26 08:16:17,480 [INFO] IPUIPlugin:80 - create IPUIPlugin
2024-01-26 08:16:17,480 [INFO] PluginManager:220 - loadIPPluginJar : add aes
2024-01-26 08:16:17,486 [INFO] IPUIPlugin:80 - create IPUIPlugin
2024-01-26 08:16:17,486 [INFO] PluginManager:220 - loadIPPluginJar : add can
2024-01-26 08:16:17,489 [INFO] IPUIPlugin:80 - create IPUIPlugin
2024-01-26 08:16:17,489 [INFO] PluginManager:220 - loadIPPluginJar : add comp
2024-01-26 08:16:17,494 [INFO] IPUIPlugin:80 - create IPUIPlugin
2024-01-26 08:16:17,494 [INFO] PluginManager:220 - loadIPPluginJar : add cryp
2024-01-26 08:16:17,497 [INFO] IPUIPlugin:80 - create IPUIPlugin
2024-01-26 08:16:17,497 [INFO] PluginManager:220 - loadIPPluginJar : add dfsdm
2024-01-26 08:16:17,506 [INFO] IPUIPlugin:80 - create IPUIPlugin
2024-01-26 08:16:17,506 [INFO] PluginManager:220 - loadIPPluginJar : add dma
2024-01-26 08:16:17,511 [INFO] IPUIPlugin:80 - create IPUIPlugin
2024-01-26 08:16:17,511 [INFO] PluginManager:220 - loadIPPluginJar : add dma3
2024-01-26 08:16:17,513 [INFO] IPUIPlugin:80 - create IPUIPlugin
2024-01-26 08:16:17,513 [INFO] PluginManager:220 - loadIPPluginJar : add fatfs
2024-01-26 08:16:17,520 [INFO] IPUIPlugin:80 - create IPUIPlugin
2024-01-26 08:16:17,520 [INFO] PluginManager:220 - loadIPPluginJar : add fmc
2024-01-26 08:16:17,532 [INFO] IPUIPlugin:80 - create IPUIPlugin
2024-01-26 08:16:17,533 [INFO] PluginManager:220 - loadIPPluginJar : add freertos
2024-01-26 08:16:17,535 [INFO] IPUIPlugin:80 - create IPUIPlugin
2024-01-26 08:16:17,535 [INFO] PluginManager:220 - loadIPPluginJar : add genericplugin
2024-01-26 08:16:17,540 [INFO] IPUIPlugin:80 - create IPUIPlugin
2024-01-26 08:16:17,540 [INFO] PluginManager:220 - loadIPPluginJar : add gfxmmu
2024-01-26 08:16:17,548 [INFO] IPUIPlugin:80 - create IPUIPlugin
2024-01-26 08:16:17,548 [INFO] PluginManager:220 - loadIPPluginJar : add gic
2024-01-26 08:16:17,555 [INFO] IPUIPlugin:80 - create IPUIPlugin
2024-01-26 08:16:17,556 [INFO] PluginManager:220 - loadIPPluginJar : add gpio
2024-01-26 08:16:17,562 [INFO] IPUIPlugin:80 - create IPUIPlugin
2024-01-26 08:16:17,562 [INFO] PluginManager:220 - loadIPPluginJar : add gtzc
2024-01-26 08:16:17,567 [INFO] IPUIPlugin:80 - create IPUIPlugin
2024-01-26 08:16:17,567 [INFO] PluginManager:220 - loadIPPluginJar : add hash
2024-01-26 08:16:17,574 [INFO] IPUIPlugin:80 - create IPUIPlugin
2024-01-26 08:16:17,574 [INFO] PluginManager:220 - loadIPPluginJar : add i2c
2024-01-26 08:16:17,580 [INFO] IPUIPlugin:80 - create IPUIPlugin
2024-01-26 08:16:17,580 [INFO] PluginManager:220 - loadIPPluginJar : add i2s
2024-01-26 08:16:17,586 [INFO] IPUIPlugin:80 - create IPUIPlugin
2024-01-26 08:16:17,586 [INFO] PluginManager:220 - loadIPPluginJar : add i3c
2024-01-26 08:16:17,593 [INFO] IPUIPlugin:80 - create IPUIPlugin
2024-01-26 08:16:17,593 [INFO] PluginManager:220 - loadIPPluginJar : add ipddr
2024-01-26 08:16:17,603 [INFO] IPUIPlugin:80 - create IPUIPlugin
2024-01-26 08:16:17,603 [INFO] PluginManager:220 - loadIPPluginJar : add linkedlist
2024-01-26 08:16:17,608 [INFO] IPUIPlugin:80 - create IPUIPlugin
2024-01-26 08:16:17,608 [INFO] PluginManager:220 - loadIPPluginJar : add lorawan
2024-01-26 08:16:17,612 [INFO] IPUIPlugin:80 - create IPUIPlugin
2024-01-26 08:16:17,612 [INFO] PluginManager:220 - loadIPPluginJar : add ltdc
2024-01-26 08:16:17,620 [INFO] IPUIPlugin:80 - create IPUIPlugin
2024-01-26 08:16:17,620 [INFO] PluginManager:220 - loadIPPluginJar : add mdma
2024-01-26 08:16:17,626 [INFO] IPUIPlugin:80 - create IPUIPlugin
2024-01-26 08:16:17,626 [INFO] PluginManager:220 - loadIPPluginJar : add nvic
2024-01-26 08:16:17,631 [INFO] IPUIPlugin:80 - create IPUIPlugin
2024-01-26 08:16:17,631 [INFO] PluginManager:220 - loadIPPluginJar : add opamp
2024-01-26 08:16:17,636 [INFO] IPUIPlugin:80 - create IPUIPlugin
2024-01-26 08:16:17,636 [INFO] PluginManager:220 - loadIPPluginJar : add openamp
2024-01-26 08:16:17,641 [INFO] IPUIPlugin:80 - create IPUIPlugin
2024-01-26 08:16:17,641 [INFO] PluginManager:220 - loadIPPluginJar : add pdm2pcm
2024-01-26 08:16:17,650 [INFO] IPUIPlugin:80 - create IPUIPlugin
2024-01-26 08:16:17,651 [INFO] PluginManager:220 - loadIPPluginJar : add plateformsettings
2024-01-26 08:16:17,654 [INFO] IPUIPlugin:80 - create IPUIPlugin
2024-01-26 08:16:17,655 [INFO] PluginManager:220 - loadIPPluginJar : add quadspi
2024-01-26 08:16:17,663 [INFO] IPUIPlugin:80 - create IPUIPlugin
2024-01-26 08:16:17,663 [INFO] PluginManager:220 - loadIPPluginJar : add resmgrutility
2024-01-26 08:16:17,669 [INFO] IPUIPlugin:80 - create IPUIPlugin
2024-01-26 08:16:17,670 [INFO] PluginManager:220 - loadIPPluginJar : add sai
2024-01-26 08:16:17,675 [INFO] IPUIPlugin:80 - create IPUIPlugin
2024-01-26 08:16:17,675 [INFO] PluginManager:220 - loadIPPluginJar : add spi
2024-01-26 08:16:17,684 [INFO] IPUIPlugin:80 - create IPUIPlugin
2024-01-26 08:16:17,685 [INFO] PluginManager:220 - loadIPPluginJar : add stm32_wpan
2024-01-26 08:16:17,689 [INFO] IPUIPlugin:80 - create IPUIPlugin
2024-01-26 08:16:17,689 [INFO] PluginManager:220 - loadIPPluginJar : add tim
2024-01-26 08:16:17,696 [INFO] IPUIPlugin:80 - create IPUIPlugin
2024-01-26 08:16:17,696 [INFO] PluginManager:220 - loadIPPluginJar : add touchsensing
2024-01-26 08:16:17,700 [INFO] IPUIPlugin:80 - create IPUIPlugin
2024-01-26 08:16:17,700 [INFO] PluginManager:220 - loadIPPluginJar : add tracer_emb
2024-01-26 08:16:17,704 [INFO] IPUIPlugin:80 - create IPUIPlugin
2024-01-26 08:16:17,704 [INFO] PluginManager:220 - loadIPPluginJar : add ts
2024-01-26 08:16:17,708 [INFO] IPUIPlugin:80 - create IPUIPlugin
2024-01-26 08:16:17,708 [INFO] PluginManager:220 - loadIPPluginJar : add tsc
2024-01-26 08:16:17,711 [INFO] IPUIPlugin:80 - create IPUIPlugin
2024-01-26 08:16:17,712 [INFO] PluginManager:220 - loadIPPluginJar : add ucpd
2024-01-26 08:16:17,718 [INFO] IPUIPlugin:80 - create IPUIPlugin
2024-01-26 08:16:17,718 [INFO] PluginManager:220 - loadIPPluginJar : add usart
2024-01-26 08:16:17,725 [INFO] IPUIPlugin:80 - create IPUIPlugin
2024-01-26 08:16:17,725 [INFO] PluginManager:220 - loadIPPluginJar : add usbx
2024-01-26 08:16:17,837 [INFO] CADModel:165 - CPN selected for project level
2024-01-26 08:16:17,837 [INFO] CADModel:114 - Register for checkConnection events
2024-01-26 08:16:17,838 [FATAL] Updater:308 - Updater called before beeing initialized
2024-01-26 08:16:17,838 [ERROR] CADModel:125 - Updater not yet initialized, retry later 
2024-01-26 08:16:17,949 [INFO] CADModel:165 - CPN selected for project level
2024-01-26 08:16:17,949 [INFO] CADModel:114 - Register for checkConnection events
2024-01-26 08:16:17,949 [FATAL] Updater:308 - Updater called before beeing initialized
2024-01-26 08:16:17,949 [ERROR] CADModel:125 - Updater not yet initialized, retry later 
2024-01-26 08:16:17,952 [FATAL] Updater:308 - Updater called before beeing initialized
2024-01-26 08:16:18,036 [FATAL] Updater:308 - Updater called before beeing initialized
2024-01-26 08:16:18,040 [INFO] DbMcusAds:53 - JSON generation date=Wed Nov 29 19:52:27 KST 2023 (1701255147200)
2024-01-26 08:16:18,040 [FATAL] Updater:308 - Updater called before beeing initialized
2024-01-26 08:16:18,070 [WARN] DetailPanel:346 - Failed to get advertising image, set to default
2024-01-26 08:16:18,146 [FATAL] Updater:308 - Updater called before beeing initialized
2024-01-26 08:16:18,147 [FATAL] Updater:308 - Updater called before beeing initialized
2024-01-26 08:16:18,147 [FATAL] Updater:308 - Updater called before beeing initialized
2024-01-26 08:16:18,147 [WARN] DetailPanel:346 - Failed to get advertising image, set to default
2024-01-26 08:16:18,148 [FATAL] Updater:308 - Updater called before beeing initialized
2024-01-26 08:16:18,189 [ERROR] Updater:1120 - MainUpdater not yet initialized. External WinMGr cannot be set.
2024-01-26 08:16:18,192 [INFO] Updater:1056 - Updater Version found : 6.10.0
2024-01-26 08:16:18,206 [INFO] ApplicationProperties:184 - Using Application install path: C:\ST\STM32CubeIDE_1.14.0\STM32CubeIDE\plugins\com.st.stm32cube.common.mx_6.10.0.202311202037
2024-01-26 08:16:18,671 [INFO] MainUpdater:2873 - connection check result : 10
2024-01-26 08:16:18,671 [INFO] MainUpdater:290 - Updater Check For Update Now.
2024-01-26 08:16:18,671 [INFO] MicroXplorer:498 - Change Database Version : DB.6.0.100
2024-01-26 08:16:18,679 [INFO] McuFinderGlobals:63 - Set McuFinder mode to 2 (CubeIDE integrated)
2024-01-26 08:16:18,679 [INFO] UserAuth:180 - activating auth plugin
2024-01-26 08:16:18,682 [INFO] UserAuth:404 - Internet connection configuration mode: 1
2024-01-26 08:16:18,699 [INFO] JxBrowserEngine:152 - Initiate JxBrowser Engine with user profile folder
2024-01-26 08:16:18,840 [INFO] CheckServerUpdateThread:120 - End of CheckServer Thread
2024-01-26 08:16:19,653 [INFO] WebApp:161 - Instantiating new browser for Auth
2024-01-26 08:16:20,123 [INFO] WebApp:780 - Register for checkConnection events
2024-01-26 08:16:20,123 [INFO] WebApp:414 - Apply proxy settings
2024-01-26 08:16:20,123 [INFO] WebApp:499 - Chromium requires no authentication
2024-01-26 08:16:20,130 [INFO] WebApp:442 - Direct internet connection detected
2024-01-26 08:16:20,214 [WARN] PackLoader:240 - Cannot read IP mode file for STMicroelectronics.X-CUBE-SMBUS.2.1.0
2024-01-26 08:16:20,222 [WARN] PackLoader:240 - Cannot read IP mode file for STMicroelectronics.X-CUBE-TOUCHGFX.4.23.0
2024-01-26 08:16:20,249 [WARN] PackLoader:240 - Cannot read IP mode file for STMicroelectronics.X-CUBE-AZRTOS-F7.1.1.0
2024-01-26 08:16:20,259 [WARN] PackLoader:240 - Cannot read IP mode file for STMicroelectronics.FP-SNS-MOTENV1.4.3.2
2024-01-26 08:16:20,267 [WARN] PackLoader:240 - Cannot read IP mode file for STMicroelectronics.FP-SNS-FLIGHT1.5.0.2
2024-01-26 08:16:20,276 [WARN] PackLoader:240 - Cannot read IP mode file for STMicroelectronics.X-CUBE-DISPLAY.3.0.0
2024-01-26 08:16:20,295 [WARN] PackLoader:240 - Cannot read IP mode file for STMicroelectronics.X-CUBE-BLE1.7.0.0
2024-01-26 08:16:20,297 [INFO] WebApp:192 - Starting web application
2024-01-26 08:16:20,297 [INFO] WebApp:544 - Web application path used C:\ST\STM32CubeIDE_1.14.0\STM32CubeIDE\plugins\com.st.stm32cube.common.mx_6.10.0.202311202037\db\plugins\mcufinder\reactClient1\index.html
2024-01-26 08:16:20,302 [WARN] PackLoader:240 - Cannot read IP mode file for emotas.I-CUBE-CANOPEN.1.3.0
2024-01-26 08:16:20,309 [WARN] PackLoader:240 - Cannot read IP mode file for STMicroelectronics.FP-SNS-SMARTAG2.1.2.0
2024-01-26 08:16:20,322 [INFO] LogOutputStream:77 - [STDOUT_REDIRECT] 1 : Invalid condition id : UX_CORESTACK_Condition cause : null
2024-01-26 08:16:20,322 [INFO] LogOutputStream:77 - [STDOUT_REDIRECT] 1 : Invalid condition id : UX_CORESTACK_Condition cause : null
2024-01-26 08:16:20,324 [INFO] LogOutputStream:77 - [STDOUT_REDIRECT] 1 : Invalid condition id : UX_CORESTACK_Condition cause : null
2024-01-26 08:16:20,325 [INFO] LogOutputStream:77 - [STDOUT_REDIRECT] 1 : Invalid condition id : UX_CORESTACK_Condition cause : null
2024-01-26 08:16:20,327 [INFO] LogOutputStream:77 - [STDOUT_REDIRECT] 1 : Invalid condition id : UX_CORESTACK_Condition cause : null
2024-01-26 08:16:20,330 [WARN] PackLoader:240 - Cannot read IP mode file for STMicroelectronics.X-CUBE-AZRTOS-WL.2.0.0
2024-01-26 08:16:20,340 [WARN] PackLoader:240 - Cannot read IP mode file for WES.I-CUBE-Cesium.1.3.0
2024-01-26 08:16:20,349 [WARN] PackLoader:240 - Cannot read IP mode file for STMicroelectronics.X-CUBE-BLE2.3.3.0
2024-01-26 08:16:20,360 [WARN] PackLoader:240 - Cannot read IP mode file for STMicroelectronics.X-CUBE-ALGOBUILD.1.3.0
2024-01-26 08:16:20,377 [WARN] PackLoader:240 - Cannot read IP mode file for STMicroelectronics.X-CUBE-AZRTOS-G0.1.1.0
2024-01-26 08:16:20,389 [WARN] PackLoader:240 - Cannot read IP mode file for STMicroelectronics.X-CUBE-NFC4.3.0.0
2024-01-26 08:16:20,397 [WARN] PackLoader:240 - Cannot read IP mode file for STMicroelectronics.X-CUBE-BLEMGR.3.0.0
2024-01-26 08:16:20,403 [WARN] PackLoader:240 - Cannot read IP mode file for STMicroelectronics.FP-ATR-SIGFOX1.3.2.0
2024-01-26 08:16:20,429 [WARN] PackLoader:240 - Cannot read IP mode file for SEGGER.I-CUBE-embOS.1.3.1
2024-01-26 08:16:20,465 [WARN] PackLoader:240 - Cannot read IP mode file for STMicroelectronics.X-CUBE-GNSS1.6.0.0
2024-01-26 08:16:20,485 [WARN] PackLoader:240 - Cannot read IP mode file for STMicroelectronics.X-CUBE-AZRTOS-F4.1.1.0
2024-01-26 08:16:20,495 [WARN] PackLoader:240 - Cannot read IP mode file for wolfSSL.I-CUBE-wolfSSL.5.6.6
2024-01-26 08:16:20,512 [WARN] PackLoader:240 - Cannot read IP mode file for STMicroelectronics.X-CUBE-AZRTOS-L5.2.0.0
2024-01-26 08:16:20,532 [WARN] PackLoader:240 - Cannot read IP mode file for STMicroelectronics.X-CUBE-EEPRMA1.4.2.0
2024-01-26 08:16:20,540 [WARN] PackLoader:240 - Cannot read IP mode file for ITTIA_DB.I-CUBE-ITTIADB.8.8.0
2024-01-26 08:16:20,553 [WARN] PackLoader:240 - Cannot read IP mode file for STMicroelectronics.X-CUBE-NFC7.1.0.1
2024-01-26 08:16:20,569 [WARN] PackLoader:240 - Cannot read IP mode file for STMicroelectronics.X-CUBE-NFC6.3.0.0
2024-01-26 08:16:20,581 [WARN] PackLoader:240 - Cannot read IP mode file for STMicroelectronics.X-CUBE-AI.8.1.0
2024-01-26 08:16:20,601 [WARN] ConditionMgr:438 - getConditionDescription Invalid condition id : LAN8742 Phy interface Condition cause : null
2024-01-26 08:16:20,602 [WARN] PackLoader:240 - Cannot read IP mode file for STMicroelectronics.X-CUBE-AZRTOS-L4.2.0.0
2024-01-26 08:16:20,604 [WARN] ConditionMgr:1039 - genDependencies : Invalid condition id : LAN8742 Phy interface Condition cause : null
2024-01-26 08:16:20,604 [WARN] ConditionMgr:1039 - genDependencies : Invalid condition id : LAN8742 Phy interface Condition cause : null
2024-01-26 08:16:20,605 [WARN] ConditionMgr:1039 - genDependencies : Invalid condition id : LAN8742 Phy interface Condition cause : null
2024-01-26 08:16:20,621 [WARN] PackLoader:240 - Cannot read IP mode file for STMicroelectronics.X-CUBE-SFXS2LP1.4.0.0
2024-01-26 08:16:20,638 [WARN] ConditionMgr:438 - getConditionDescription Invalid condition id : UX DEVICE CLASS RTOS Condition cause : null
2024-01-26 08:16:20,638 [WARN] ConditionMgr:438 - getConditionDescription Invalid condition id : UX DEVICE CLASS RTOS Condition cause : null
2024-01-26 08:16:20,641 [WARN] PackLoader:240 - Cannot read IP mode file for STMicroelectronics.X-CUBE-AZRTOS-WB.2.0.0
2024-01-26 08:16:20,641 [WARN] ConditionMgr:1039 - genDependencies : Invalid condition id : UX DEVICE CLASS RTOS Condition cause : null
2024-01-26 08:16:20,641 [WARN] ConditionMgr:1039 - genDependencies : Invalid condition id : UX DEVICE CLASS RTOS Condition cause : null
2024-01-26 08:16:20,642 [WARN] ConditionMgr:1039 - genDependencies : Invalid condition id : UX DEVICE CLASS RTOS Condition cause : null
2024-01-26 08:16:20,642 [WARN] ConditionMgr:1039 - genDependencies : Invalid condition id : UX DEVICE CLASS RTOS Condition cause : null
2024-01-26 08:16:20,642 [WARN] ConditionMgr:1039 - genDependencies : Invalid condition id : UX DEVICE CLASS RTOS Condition cause : null
2024-01-26 08:16:20,652 [WARN] PackLoader:240 - Cannot read IP mode file for STMicroelectronics.X-CUBE-SUBG2.5.0.0
2024-01-26 08:16:20,672 [WARN] PackLoader:240 - Cannot read IP mode file for STMicroelectronics.X-CUBE-AZRTOS-G4.2.0.0
2024-01-26 08:16:20,685 [WARN] PackLoader:240 - Cannot read IP mode file for Infineon.AIROC-Wi-Fi-Bluetooth-STM32.1.5.1
2024-01-26 08:16:20,693 [WARN] PackLoader:240 - Cannot read IP mode file for STMicroelectronics.FP-SNS-MOTENVWB1.1.3.1
2024-01-26 08:16:20,701 [WARN] PackLoader:240 - Cannot read IP mode file for STMicroelectronics.X-CUBE-ISPU.2.0.0
2024-01-26 08:16:20,785 [WARN] PackLoader:240 - Cannot read IP mode file for STMicroelectronics.X-CUBE-MEMS1.10.0.0
2024-01-26 08:16:20,966 [WARN] PackLoader:240 - Cannot read IP mode file for STMicroelectronics.X-CUBE-FREERTOS.1.1.0
2024-01-26 08:16:20,973 [WARN] PackLoader:240 - Cannot read IP mode file for portGmbH.I-Cube-SoM-uGOAL.1.1.0
2024-01-26 08:16:20,979 [WARN] PackLoader:240 - Cannot read IP mode file for STMicroelectronics.X-CUBE-ALS.1.0.1
2024-01-26 08:16:20,984 [WARN] PackLoader:240 - Cannot read IP mode file for STMicroelectronics.FP-ATR-ASTRA1.2.0.0
2024-01-26 08:16:20,994 [WARN] PackLoader:240 - Cannot read IP mode file for STMicroelectronics.X-CUBE-TOF1.3.4.0
2024-01-26 08:16:21,017 [WARN] PackLoader:240 - Cannot read IP mode file for STMicroelectronics.X-CUBE-AZRTOS-H7.3.2.0
2024-01-26 08:16:21,020 [INFO] ThirdParty:978 - Integrity check success = true
2024-01-26 08:16:21,020 [INFO] IntegrityCheckThread:100 - exiting critical section [integrity check]
2024-01-26 08:16:21,020 [INFO] IntegrityCheckThread:103 - End integrity checks thread
2024-01-26 08:16:40,995 [ERROR] LogOutputStream:75 - [STDERR_REDIRECT] SLF4J: Failed to load class "org.slf4j.impl.StaticLoggerBinder".
2024-01-26 08:16:40,996 [ERROR] LogOutputStream:75 - [STDERR_REDIRECT] SLF4J: Defaulting to no-operation (NOP) logger implementation
2024-01-26 08:16:40,997 [ERROR] LogOutputStream:75 - [STDERR_REDIRECT] SLF4J: See http://www.slf4j.org/codes.html#StaticLoggerBinder for further details.
2024-01-26 08:23:43,808 [INFO] McuFinderGlobals:63 - Set McuFinder mode to 2 (CubeIDE integrated)
2024-01-26 08:23:43,813 [INFO] MainUpdater:2873 - connection check result : 10
2024-01-26 08:23:43,814 [INFO] MainUpdater:2873 - connection check result : 10
2024-01-26 08:23:43,869 [INFO] MicroXplorer:468 - Change Database Path : 
2024-01-26 08:23:43,869 [INFO] MicroXplorer:498 - Change Database Version : DB.6.0.100
2024-01-26 08:23:43,873 [WARN] ThirdParty:871 - waiting for thirdparty lock release [close project]
2024-01-26 08:23:43,873 [INFO] ThirdParty:873 - entering critical section [close project]
2024-01-26 08:23:43,887 [INFO] ThirdParty:883 - exiting critical section [close project]
2024-01-26 08:23:43,889 [INFO] PinOutPanel:1499 - setPackage(No Configuration,No Configuration)
2024-01-26 08:23:43,892 [INFO] UtilMem:75 - Begin LoadConfig() Used Memory: 808798912 Bytes (948961280)
2024-01-26 08:23:43,893 [INFO] MicroXplorer:468 - Change Database Path : 
2024-01-26 08:23:43,893 [INFO] MicroXplorer:498 - Change Database Version : DB.6.0.100
2024-01-26 08:23:43,893 [INFO] OpenFileManager:312 - Change cursor
2024-01-26 08:23:43,915 [INFO] Mcu:2016 - Initializing MCU STM32F103R(8-B)Tx STM32F103RBTx STM32F103RBT6
2024-01-26 08:23:44,649 [INFO] Context:659 - Trying to add GPIOservice into a context  which must be forbidden
2024-01-26 08:23:44,857 [INFO] RtosManager:555 - Registered RTOS mode: class=CMSIS, group=RTOS, mode=CMSIS_V1, owner=FREERTOS
2024-01-26 08:23:44,857 [INFO] RtosManager:555 - Registered RTOS mode: class=CMSIS, group=RTOS2, mode=CMSIS_V2, owner=FREERTOS
2024-01-26 08:23:44,857 [INFO] RtosManager:555 - Registered RTOS mode: class=RTOS, group=Core, mode=CMSIS_V1, owner=FREERTOS
2024-01-26 08:23:44,857 [INFO] RtosManager:555 - Registered RTOS mode: class=RTOS, group=Core, mode=CMSIS_V2, owner=FREERTOS
2024-01-26 08:23:44,857 [WARN] ModelIntegratedComponent:184 - Missing modes for component STMicroelectronics:FreeRTOS:0.0.1:STMicroelectronics:RTOS:FreeRTOS:Core:::10.2.0:
2024-01-26 08:23:44,867 [WARN] ModelIntegratedComponent:63 - No mode defined for component null
2024-01-26 08:23:44,867 [WARN] ModelIntegratedComponent:63 - No mode defined for component null
2024-01-26 08:23:44,867 [WARN] ModelIntegratedComponent:63 - No mode defined for component null
2024-01-26 08:23:44,867 [WARN] ModelIntegratedComponent:63 - No mode defined for component null
2024-01-26 08:23:44,867 [WARN] ModelIntegratedComponent:63 - No mode defined for component null
2024-01-26 08:23:44,867 [WARN] ModelIntegratedComponent:63 - No mode defined for component null
2024-01-26 08:23:44,867 [WARN] ModelIntegratedComponent:63 - No mode defined for component null
2024-01-26 08:23:44,867 [WARN] ModelIntegratedComponent:63 - No mode defined for component null
2024-01-26 08:23:44,867 [WARN] ModelIntegratedComponent:63 - No mode defined for component null
2024-01-26 08:23:44,867 [WARN] ModelIntegratedComponent:63 - No mode defined for component null
2024-01-26 08:23:44,867 [WARN] ModelIntegratedComponent:63 - No mode defined for component null
2024-01-26 08:23:44,867 [WARN] ModelIntegratedComponent:63 - No mode defined for component null
2024-01-26 08:23:44,867 [WARN] ModelIntegratedComponent:63 - No mode defined for component null
2024-01-26 08:23:44,868 [WARN] ModelIntegratedComponent:63 - No mode defined for component null
2024-01-26 08:23:44,868 [WARN] ModelIntegratedComponent:63 - No mode defined for component null
2024-01-26 08:23:44,868 [WARN] ModelIntegratedComponent:63 - No mode defined for component null
2024-01-26 08:23:44,868 [WARN] ModelIntegratedComponent:63 - No mode defined for component null
2024-01-26 08:23:44,868 [WARN] ModelIntegratedComponent:63 - No mode defined for component null
2024-01-26 08:23:44,868 [WARN] ModelIntegratedComponent:63 - No mode defined for component null
2024-01-26 08:23:44,868 [WARN] ModelIntegratedComponent:63 - No mode defined for component null
2024-01-26 08:23:44,868 [WARN] ModelIntegratedComponent:63 - No mode defined for component null
2024-01-26 08:23:44,868 [WARN] ModelIntegratedComponent:63 - No mode defined for component null
2024-01-26 08:23:44,868 [WARN] ModelIntegratedComponent:63 - No mode defined for component null
2024-01-26 08:23:44,868 [WARN] ModelIntegratedComponent:63 - No mode defined for component null
2024-01-26 08:23:44,868 [WARN] ModelIntegratedComponent:63 - No mode defined for component null
2024-01-26 08:23:44,868 [WARN] ModelIntegratedComponent:63 - No mode defined for component null
2024-01-26 08:23:44,868 [WARN] ModelIntegratedComponent:63 - No mode defined for component null
2024-01-26 08:23:44,868 [WARN] ModelIntegratedComponent:63 - No mode defined for component null
2024-01-26 08:23:44,868 [WARN] ModelIntegratedComponent:63 - No mode defined for component null
2024-01-26 08:23:44,868 [WARN] ModelIntegratedComponent:63 - No mode defined for component null
2024-01-26 08:23:44,868 [WARN] ModelIntegratedComponent:63 - No mode defined for component null
2024-01-26 08:23:44,868 [WARN] ModelIntegratedComponent:63 - No mode defined for component null
2024-01-26 08:23:44,868 [WARN] ModelIntegratedComponent:63 - No mode defined for component null
2024-01-26 08:23:44,964 [INFO] ThirdPartyModel:298 - Start build external matchings
2024-01-26 08:23:45,168 [INFO] ThirdPartyModel:316 - End build external matchings
2024-01-26 08:23:45,184 [INFO] ImportTextPane:194 - (OptionalMessage_ERROR) IP (RCC) : Invalid parameter (FamilyName)
2024-01-26 08:23:45,185 [INFO] ImportTextPane:194 - (OptionalMessage_ERROR) IP (RCC) : Parameter (USBFreq_Value) has invalid value (64000000)
2024-01-26 08:23:45,365 [INFO] UtilMem:75 - End LoadConfig() Used Memory: 624685704 Bytes (948961280)
2024-01-26 08:23:45,452 [INFO] ApiDb:581 - Connected to CubeFinder SQLite database (C:\Users\SSAFY\.stmcufinder\plugins\mcufinder\mcu\cube-finder-db.db)
2024-01-26 08:23:45,526 [INFO] ApiDb:668 - CubeFinder database Data Model version=2.1
2024-01-26 08:23:45,526 [INFO] ApiDb:669 - CubeFinder database Configuration version=3.0.39
2024-01-26 08:23:45,526 [INFO] ApiDb:670 - CubeFinder database generation date=2024-01-11 (1704964531)
2024-01-26 08:23:45,526 [INFO] ApiDb:671 - CubeFinder database FW Pack versions=[FP-ATR-ASTRA1_V2.0.0, FP-SNS-FLIGHT1_V5.0.1, FP-SNS-FLIGHT1_V5.0.2, FP-SNS-MOTENV1_V4.3.1, FP-SNS-MOTENV1_V4.3.2, FP-SNS-MOTENVWB1_V1.3.1, FP-SNS-SMARTAG2_V1.2.0, STM32Cube_FW_C0_V1.1.0, STM32Cube_FW_F4_V1.28.0, STM32Cube_FW_F7_V1.17.0, STM32Cube_FW_G0_V1.6.2, STM32Cube_FW_G4_V1.5.2, STM32Cube_FW_H5_V0.5.1, STM32Cube_FW_H5_V1.1.1, STM32Cube_FW_H5_V1.2.0RC2, STM32Cube_FW_H7_V1.11.0, STM32Cube_FW_L0_V1.12.2, STM32Cube_FW_L5_V1.5.0, STM32Cube_FW_U5_V1.3.0RC4, STM32Cube_FW_U5_V1.4.0, STM32Cube_FW_WBA_V1.0.0RC1, STM32Cube_FW_WBA_V1.1.0RC1, STM32Cube_FW_WBA_V1.2.0, STM32Cube_FW_WBA_V1.2.0RC2, STM32Cube_FW_WB_V1.15.0RC1, STM32Cube_FW_WB_V1.16.0, STM32Cube_FW_WB_V1.16.0RC2, STM32Cube_FW_WB_V1.18.0, STM32Cube_FW_WL_V1.3.0, X-CUBE-ALGOBUILD_V1.3.0, X-CUBE-ALS_V1.0.1, X-CUBE-AZRTOS-F4_V1.1.0, X-CUBE-AZRTOS-F7_V1.1.0, X-CUBE-AZRTOS-G0_V1.1.0, X-CUBE-AZRTOS-G4_V2.0.0, X-CUBE-AZRTOS-H7_V3.2.0, X-CUBE-AZRTOS-L4_V1.0.0, X-CUBE-AZRTOS-L4_V2.0.0, X-CUBE-AZRTOS-L5_V1.1.0, X-CUBE-AZRTOS-WB_V2.0.0, X-CUBE-AZRTOS-WL_V2.0.0, X-CUBE-BLE1_V7.0.0, X-CUBE-BLE2_V3.3.0, X-CUBE-BLEMGR_V3.0.0, X-CUBE-EEPRMA1_V4.1.0, X-CUBE-EEPRMA1_V4.2.0, X-CUBE-FREERTOS_V1.1.0, X-CUBE-GNSS1_V6.0.0, X-CUBE-MEMS1_V10.0.0, X-CUBE-MEMS1_V9.1.0, X-CUBE-MEMS1_V9.4.0, X-CUBE-MEMS1_V9.6.0, X-CUBE-NFC4_V3.0.0, X-CUBE-NFC7_V1.0.1, X-CUBE-SFXS2LP1_V4.0.0, X-CUBE-SUBG2_V5.0.0, X-CUBE-TOF1_V3.4.0]
2024-01-26 08:23:47,334 [INFO] ApiDb:240 - Found 371 in-development CPN: [B-G473E-ZEST1S, B-WB1M-WPAN1, B-WL5M-SUBG1, NUCLEO-C031C6, NUCLEO-H503RB, NUCLEO-H563ZI, NUCLEO-U545RE-Q, NUCLEO-U5A5ZJ-Q, NUCLEO-WBA52CG, NUCLEO-WBA55CG, STEVAL-MKBOXPRO, STEVAL-PROTEUS1, STEVAL-STWINBX1, STM320518-EVAL, STM32C0116-DK, STM32C011D6Y3TR, STM32C011D6Y6TR, STM32C011F4P3, STM32C011F4P6, STM32C011F4U3, STM32C011F4U6TR, STM32C011F6P3, STM32C011F6P6, STM32C011F6U3, STM32C011F6U6TR, STM32C011J4M3, STM32C011J4M6, STM32C011J6M3, STM32C011J6M6, STM32C0316-DK, STM32C031C4T3, STM32C031C4T6, STM32C031C4U3, STM32C031C4U6, STM32C031C6T3, STM32C031C6T6, STM32C031C6U3, STM32C031C6U6, STM32C031F4P3, STM32C031F4P6, STM32C031F6P3, STM32C031F6P6, STM32C031G4U3, STM32C031G4U6, STM32C031G6U3, STM32C031G6U6, STM32C031K4T3, STM32C031K4T6, STM32C031K4U3, STM32C031K4U6, STM32C031K6T3, STM32C031K6T6, STM32C031K6U3, STM32C031K6U6, STM32G071K8TXN, STM32G071K8UXN, STM32G081GBU6N, STM32G081KBT6N, STM32G081KBUXN, STM32G0B1CCT6N, STM32G0B1KCT6, STM32G0B1NEY6TR, STM32G0B1RCT6N, STM32G0C1CCT6, STM32G0C1CCT6N, STM32G0C1CCU6N, STM32G0C1CET6N, STM32G0C1CEU6N, STM32G0C1KCT6, STM32G0C1NEY6TR, STM32G0C1RCI6N, STM32G0C1RCT6N, STM32G0C1REI6N, STM32G0C1RET6N, STM32G0C1VCI6, STM32G0C1VEI6, STM32G471CCT6, STM32G471CCU6, STM32G471CET3, STM32G471CET6, STM32G471CEU3, STM32G471CEU6, STM32G471MCT6, STM32G471MET3, STM32G471MET6, STM32G471MEY6TR, STM32G471QCT6, STM32G471QET3, STM32G471RCT6, STM32G471RET3, STM32G471RET6, STM32G471VCH6, STM32G471VCI6, STM32G471VCT6, STM32G471VEH3, STM32G471VEH6, STM32G471VEI3, STM32G471VEI6, STM32G471VET3, STM32G471VET6, STM32G474CCT6, STM32H503CBT6, STM32H503CBU6, STM32H503EBY6TR, STM32H503KBU6, STM32H503RBT6, STM32H562AGI6, STM32H562AII6, STM32H562IGK6, STM32H562IGT6, STM32H562IIK6, STM32H562IIT6, STM32H562RGT6, STM32H562RGV6, STM32H562RIT6, STM32H562RIV6, STM32H562VGT6, STM32H562VIT6, STM32H562ZGT6, STM32H562ZIT6, STM32H563AGI6, STM32H563AII3Q, STM32H563AII6, STM32H563IGK6, STM32H563IGT6, STM32H563IIK3Q, STM32H563IIK6, STM32H563IIT3Q, STM32H563IIT6, STM32H563MIY3QTR, STM32H563RGT6, STM32H563RGV6, STM32H563RIT6, STM32H563RIV6, STM32H563VGT6, STM32H563VIT3Q, STM32H563VIT6, STM32H563ZGT6, STM32H563ZIT3Q, STM32H563ZIT6, STM32H573AII3Q, STM32H573AII6, STM32H573I-DK, STM32H573IIK3Q, STM32H573IIK6, STM32H573IIT3Q, STM32H573IIT6, STM32H573MIY3QTR, STM32H573RIT6, STM32H573RIV6, STM32H573VIT3Q, STM32H573VIT6, STM32H573ZIT3Q, STM32H573ZIT6, STM32L4R5QGI6STR, STM32MP131AAE3, STM32MP131AAF3, STM32MP131AAG3, STM32MP131CAE3, STM32MP131CAF3, STM32MP131CAG3, STM32MP131DAE7, STM32MP131DAF7, STM32MP131DAG7, STM32MP131FAE7, STM32MP131FAF7, STM32MP131FAG7, STM32MP133AAE3, STM32MP133AAF3, STM32MP133AAG3, STM32MP133CAE3, STM32MP133CAF3, STM32MP133CAG3, STM32MP133DAE7, STM32MP133DAF7, STM32MP133DAG7, STM32MP133FAE7, STM32MP133FAF7, STM32MP133FAG7, STM32MP135AAE3, STM32MP135AAF3, STM32MP135AAG3, STM32MP135CAE3, STM32MP135CAF3, STM32MP135CAG3, STM32MP135DAE7, STM32MP135DAF7, STM32MP135DAG7, STM32MP135F-DK, STM32MP135FAE7, STM32MP135FAF7, STM32MP135FAF7T, STM32MP135FAF7U, STM32MP135FAG7, STM32U535CBT6, STM32U535CBT6Q, STM32U535CBU6, STM32U535CBU6Q, STM32U535CCT6, STM32U535CCT6Q, STM32U535CCU6, STM32U535CCU6Q, STM32U535CET6, STM32U535CET6Q, STM32U535CEU6, STM32U535CEU6Q, STM32U535JEY6QTR, STM32U535NCY6QTR, STM32U535NEY6QTR, STM32U535RBI6, STM32U535RBI6Q, STM32U535RBT6, STM32U535RBT6Q, STM32U535RCI6, STM32U535RCI6Q, STM32U535RCT6, STM32U535RCT6Q, STM32U535REI6, STM32U535REI6Q, STM32U535RET6, STM32U535RET6Q, STM32U535VCI6, STM32U535VCI6Q, STM32U535VCT6, STM32U535VCT6Q, STM32U535VEI6, STM32U535VEI6Q, STM32U535VET6, STM32U535VET6Q, STM32U545CET6, STM32U545CET6Q, STM32U545CEU6, STM32U545CEU6Q, STM32U545JEY6QTR, STM32U545NEY6QTR, STM32U545REI6, STM32U545REI6Q, STM32U545RET6, STM32U545RET6Q, STM32U545VEI6, STM32U545VEI6Q, STM32U545VET6, STM32U545VET6Q, STM32U595AIH6, STM32U595AIH6Q, STM32U595AJH6, STM32U595AJH6Q, STM32U595QII6, STM32U595QII6Q, STM32U595QJI6, STM32U595QJI6Q, STM32U595RIT6, STM32U595RIT6Q, STM32U595RJT6, STM32U595RJT6Q, STM32U595VIT6, STM32U595VIT6Q, STM32U595VJT6, STM32U595VJT6Q, STM32U595ZIT6, STM32U595ZIT6Q, STM32U595ZIY6QTR, STM32U595ZJT6, STM32U595ZJT6Q, STM32U595ZJY6QTR, STM32U599BJY6QTR, STM32U599NIH6Q, STM32U599NJH6Q, STM32U599VIT6Q, STM32U599VJT6, STM32U599VJT6Q, STM32U599ZIT6Q, STM32U599ZIY6QTR, STM32U599ZJT6Q, STM32U599ZJY6QTR, STM32U5A5AJH6, STM32U5A5AJH6Q, STM32U5A5QJI6, STM32U5A5QJI6Q, STM32U5A5RJT6, STM32U5A5RJT6Q, STM32U5A5VJT6, STM32U5A5VJT6Q, STM32U5A5ZJT6, STM32U5A5ZJT6Q, STM32U5A5ZJY6QTR, STM32U5A9BJY6QTR, STM32U5A9J-DK, STM32U5A9NJH6Q, STM32U5A9VJT6Q, STM32U5A9ZJT6Q, STM32U5A9ZJY6QTR, STM32U5F7VIT6, STM32U5F7VIT6Q, STM32U5F7VJT6, STM32U5F7VJT6Q, STM32U5F9BJY6QTR, STM32U5F9NJH6Q, STM32U5F9VIT6Q, STM32U5F9VJT6Q, STM32U5F9ZIJ6QTR, STM32U5F9ZIT6Q, STM32U5F9ZJJ6QTR, STM32U5F9ZJT6Q, STM32U5G7VJT6, STM32U5G7VJT6Q, STM32U5G9BJY6QTR, STM32U5G9J-DK1, STM32U5G9J-DK2, STM32U5G9NJH6Q, STM32U5G9VJT6Q, STM32U5G9ZJJ6QTR, STM32U5G9ZJT6Q, STM32WB1MMCH6, STM32WBA50KEU6, STM32WBA50KEU6TR, STM32WBA50KGU6, STM32WBA50KGU6TR, STM32WBA52CEU6, STM32WBA52CEU6TR, STM32WBA52CEU7, STM32WBA52CEU7TR, STM32WBA52CGU6, STM32WBA52CGU6TR, STM32WBA52CGU6U, STM32WBA52CGU7, STM32WBA52CGU7TR, STM32WBA52KEU6, STM32WBA52KEU6TR, STM32WBA52KGU6, STM32WBA52KGU6TR, STM32WBA54CEU6, STM32WBA54CEU6TR, STM32WBA54CEU7, STM32WBA54CEU7TR, STM32WBA54CGU6, STM32WBA54CGU6TR, STM32WBA54CGU7, STM32WBA54CGU7TR, STM32WBA54KEU6, STM32WBA54KEU6TR, STM32WBA54KEU7, STM32WBA54KEU7TR, STM32WBA54KGU6, STM32WBA54KGU6TR, STM32WBA54KGU7, STM32WBA54KGU7TR, STM32WBA55CEU6, STM32WBA55CEU6TR, STM32WBA55CEU7, STM32WBA55CEU7TR, STM32WBA55CGU6, STM32WBA55CGU6TR, STM32WBA55CGU6U, STM32WBA55CGU7, STM32WBA55CGU7TR, STM32WBA55G-DK1, STM32WBA55HEF6, STM32WBA55HEF7, STM32WBA55HGF6, STM32WBA55HGF7, STM32WBA55UEI6, STM32WBA55UEI6TR, STM32WBA55UEI7, STM32WBA55UEI7TR, STM32WBA55UGI6, STM32WBA55UGI6TR, STM32WBA55UGI7, STM32WBA55UGI7TR, STM32WL5MOCH6, STM32WL5MOCH6TR]
2024-01-26 08:23:47,337 [INFO] DbMcus:218 - Found 3930 MCUs, 3930 are supported
2024-01-26 08:23:47,337 [INFO] ApiDb:423 - Load user favorites file C:\Users\SSAFY/.stm32cubeide/favorites.mcus.txt: 0 item(s)
2024-01-26 08:23:47,338 [INFO] ApiDb:427 - User favorites MCUs=[]
2024-01-26 08:23:47,338 [INFO] DbMcus:224 - Set 0 / 0 favorites MCUs
2024-01-26 08:23:47,652 [INFO] MicroXplorer:468 - Change Database Path : 
2024-01-26 08:23:47,652 [INFO] MicroXplorer:498 - Change Database Version : DB.6.0.100
2024-01-26 08:23:47,653 [WARN] ThirdParty:833 - waiting for thirdparty lock release [change project]
2024-01-26 08:23:47,653 [INFO] ThirdParty:835 - entering critical section [change project]
2024-01-26 08:23:47,653 [INFO] ThirdParty:1030 - CMSIS Pack Vendor :STMicroelectronics USBPD 4.1
2024-01-26 08:23:47,653 [INFO] ThirdParty:1030 - CMSIS Pack Vendor :STMicroelectronics X-CUBE-GNSS1 6.0.0
2024-01-26 08:23:47,653 [INFO] ThirdParty:1030 - CMSIS Pack Vendor :STMicroelectronics USB_HOST 2.0.0
2024-01-26 08:23:47,653 [INFO] ThirdParty:1030 - CMSIS Pack Vendor :STMicroelectronics X-CUBE-AZRTOS-F4 1.1.0
2024-01-26 08:23:47,653 [INFO] ThirdParty:1030 - CMSIS Pack Vendor :STMicroelectronics LIBJPEG 8.0.0
2024-01-26 08:23:47,653 [INFO] ThirdParty:1030 - CMSIS Pack Vendor :STMicroelectronics X-CUBE-SMBUS 2.1.0
2024-01-26 08:23:47,653 [INFO] ThirdParty:1030 - CMSIS Pack Vendor :STMicroelectronics USB_DEVICE 3.0.0
2024-01-26 08:23:47,653 [INFO] ThirdParty:1030 - CMSIS Pack Vendor :STMicroelectronics X-CUBE-AZRTOS-WB 2.0.0
2024-01-26 08:23:47,653 [INFO] ThirdParty:1030 - CMSIS Pack Vendor :wolfSSL I-CUBE-wolfSSL 5.6.6
2024-01-26 08:23:47,653 [INFO] ThirdParty:1030 - CMSIS Pack Vendor :STMicroelectronics X-CUBE-TOUCHGFX 4.23.0
2024-01-26 08:23:47,653 [INFO] ThirdParty:1030 - CMSIS Pack Vendor :STMicroelectronics X-CUBE-AZRTOS-F7 1.1.0
2024-01-26 08:23:47,653 [INFO] ThirdParty:1030 - CMSIS Pack Vendor :STMicroelectronics X-CUBE-AZRTOS-L5 2.0.0
2024-01-26 08:23:47,653 [INFO] ThirdParty:1030 - CMSIS Pack Vendor :STMicroelectronics USB_DEVICE 2.0.0
2024-01-26 08:23:47,653 [INFO] ThirdParty:1030 - CMSIS Pack Vendor :STMicroelectronics X-CUBE-EEPRMA1 4.2.0
2024-01-26 08:23:47,653 [INFO] ThirdParty:1030 - CMSIS Pack Vendor :ITTIA_DB I-CUBE-ITTIADB 8.8.0
2024-01-26 08:23:47,653 [INFO] ThirdParty:1030 - CMSIS Pack Vendor :STMicroelectronics FP-SNS-MOTENV1 4.3.2
2024-01-26 08:23:47,653 [INFO] ThirdParty:1030 - CMSIS Pack Vendor :STMicroelectronics X-CUBE-ALGOBUILD 1.3.0
2024-01-26 08:23:47,654 [INFO] ThirdParty:1030 - CMSIS Pack Vendor :STMicroelectronics FreeRTOS 0.0.1
2024-01-26 08:23:47,654 [INFO] ThirdParty:1030 - CMSIS Pack Vendor :STMicroelectronics X-CUBE-AZRTOS-G0 1.1.0
2024-01-26 08:23:47,654 [INFO] ThirdParty:1030 - CMSIS Pack Vendor :STMicroelectronics X-CUBE-NFC4 3.0.0
2024-01-26 08:23:47,654 [INFO] ThirdParty:1030 - CMSIS Pack Vendor :STMicroelectronics X-CUBE-SUBG2 5.0.0
2024-01-26 08:23:47,654 [INFO] ThirdParty:1030 - CMSIS Pack Vendor :STMicroelectronics STM32_WPAN 1.0.0
2024-01-26 08:23:47,654 [INFO] ThirdParty:1030 - CMSIS Pack Vendor :STMicroelectronics lwIP 2.0.3
2024-01-26 08:23:47,654 [INFO] ThirdParty:1030 - CMSIS Pack Vendor :STMicroelectronics FP-SNS-FLIGHT1 5.0.2
2024-01-26 08:23:47,654 [INFO] ThirdParty:1030 - CMSIS Pack Vendor :STMicroelectronics USB_HOST 1.0.0
2024-01-26 08:23:47,654 [INFO] ThirdParty:1030 - CMSIS Pack Vendor :STMicroelectronics X-CUBE-AZRTOS-G4 2.0.0
2024-01-26 08:23:47,654 [INFO] ThirdParty:1030 - CMSIS Pack Vendor :STMicroelectronics PDM2PCM 3.1.0
2024-01-26 08:23:47,654 [INFO] ThirdParty:1030 - CMSIS Pack Vendor :Infineon AIROC-Wi-Fi-Bluetooth-STM32 1.5.1
2024-01-26 08:23:47,654 [INFO] ThirdParty:1030 - CMSIS Pack Vendor :STMicroelectronics X-CUBE-BLEMGR 3.0.0
2024-01-26 08:23:47,654 [INFO] ThirdParty:1030 - CMSIS Pack Vendor :STMicroelectronics PDM2PCM 3.3.0
2024-01-26 08:23:47,654 [INFO] ThirdParty:1030 - CMSIS Pack Vendor :STMicroelectronics X-CUBE-DISPLAY 3.0.0
2024-01-26 08:23:47,654 [INFO] ThirdParty:1030 - CMSIS Pack Vendor :STMicroelectronics FP-SNS-MOTENVWB1 1.3.1
2024-01-26 08:23:47,654 [INFO] ThirdParty:1030 - CMSIS Pack Vendor :STMicroelectronics X-CUBE-BLE1 7.0.0
2024-01-26 08:23:47,654 [INFO] ThirdParty:1030 - CMSIS Pack Vendor :STMicroelectronics FP-ATR-SIGFOX1 3.2.0
2024-01-26 08:23:47,654 [INFO] ThirdParty:1030 - CMSIS Pack Vendor :STMicroelectronics X-CUBE-ISPU 2.0.0
2024-01-26 08:23:47,654 [INFO] ThirdParty:1030 - CMSIS Pack Vendor :STMicroelectronics HAL Drivers 0.0.0
2024-01-26 08:23:47,654 [INFO] ThirdParty:1030 - CMSIS Pack Vendor :STMicroelectronics MBEDTLS 2.16.2
2024-01-26 08:23:47,654 [INFO] ThirdParty:1030 - CMSIS Pack Vendor :emotas I-CUBE-CANOPEN 1.3.0
2024-01-26 08:23:47,654 [INFO] ThirdParty:1030 - CMSIS Pack Vendor :STMicroelectronics X-CUBE-MEMS1 10.0.0
2024-01-26 08:23:47,654 [INFO] ThirdParty:1030 - CMSIS Pack Vendor :STMicroelectronics X-CUBE-FREERTOS 1.1.0
2024-01-26 08:23:47,654 [INFO] ThirdParty:1030 - CMSIS Pack Vendor :STMicroelectronics X-CUBE-NFC7 1.0.1
2024-01-26 08:23:47,654 [INFO] ThirdParty:1030 - CMSIS Pack Vendor :STMicroelectronics MBEDTLS 2.14.1
2024-01-26 08:23:47,654 [INFO] ThirdParty:1030 - CMSIS Pack Vendor :STMicroelectronics X-CUBE-NFC6 3.0.0
2024-01-26 08:23:47,654 [INFO] ThirdParty:1030 - CMSIS Pack Vendor :portGmbH I-Cube-SoM-uGOAL 1.1.0
2024-01-26 08:23:47,654 [INFO] ThirdParty:1030 - CMSIS Pack Vendor :STMicroelectronics X-CUBE-ALS 1.0.1
2024-01-26 08:23:47,655 [INFO] ThirdParty:1030 - CMSIS Pack Vendor :STMicroelectronics ThreadX 1.0.0
2024-01-26 08:23:47,655 [INFO] ThirdParty:1030 - CMSIS Pack Vendor :STMicroelectronics FP-SNS-SMARTAG2 1.2.0
2024-01-26 08:23:47,655 [INFO] ThirdParty:1030 - CMSIS Pack Vendor :STMicroelectronics X-CUBE-AZRTOS-WL 2.0.0
2024-01-26 08:23:47,655 [INFO] ThirdParty:1030 - CMSIS Pack Vendor :SEGGER I-CUBE-embOS 1.3.1
2024-01-26 08:23:47,655 [INFO] ThirdParty:1030 - CMSIS Pack Vendor :STMicroelectronics USB_DEVICE 1.0.0
2024-01-26 08:23:47,655 [INFO] ThirdParty:1030 - CMSIS Pack Vendor :STMicroelectronics X-CUBE-AI 8.1.0
2024-01-26 08:23:47,655 [INFO] ThirdParty:1030 - CMSIS Pack Vendor :STMicroelectronics X-CUBE-AZRTOS-L4 2.0.0
2024-01-26 08:23:47,655 [INFO] ThirdParty:1030 - CMSIS Pack Vendor :STMicroelectronics ThreadX 0.0.2
2024-01-26 08:23:47,655 [INFO] ThirdParty:1030 - CMSIS Pack Vendor :WES I-CUBE-Cesium 1.3.0
2024-01-26 08:23:47,655 [INFO] ThirdParty:1030 - CMSIS Pack Vendor :STMicroelectronics FP-ATR-ASTRA1 2.0.0
2024-01-26 08:23:47,655 [INFO] ThirdParty:1030 - CMSIS Pack Vendor :STMicroelectronics lwIP 2.1.2
2024-01-26 08:23:47,655 [INFO] ThirdParty:1030 - CMSIS Pack Vendor :STMicroelectronics X-CUBE-SFXS2LP1 4.0.0
2024-01-26 08:23:47,655 [INFO] ThirdParty:1030 - CMSIS Pack Vendor :STMicroelectronics X-CUBE-BLE2 3.3.0
2024-01-26 08:23:47,655 [INFO] ThirdParty:1030 - CMSIS Pack Vendor :STMicroelectronics X-CUBE-TOF1 3.4.0
2024-01-26 08:23:47,655 [INFO] ThirdParty:1030 - CMSIS Pack Vendor :STMicroelectronics X-CUBE-AZRTOS-H7 3.2.0
2024-01-26 08:23:47,655 [INFO] ThirdParty:1030 - CMSIS Pack Vendor :STMicroelectronics PDM2PCM 3.2.0
2024-01-26 08:23:47,655 [INFO] ThirdParty:841 - exiting critical section [change project]
2024-01-26 08:23:47,876 [INFO] PinOutPanel:1499 - setPackage(No Configuration,No Configuration)
2024-01-26 08:23:47,877 [INFO] PinOutPanel:1499 - setPackage(STM32F103RBTx,LQFP64)
2024-01-26 08:23:48,182 [INFO] UtilMem:75 - Before build in PCC Used Memory: 547822024 Bytes (1043333120)
2024-01-26 08:23:48,774 [INFO] UtilMem:75 - After build in PCC Used Memory: 604017712 Bytes (1043333120)
2024-01-26 08:23:48,798 [INFO] IPUIPlugin:80 - create IPUIPlugin
2024-01-26 08:23:48,798 [INFO] IPUIPlugin:80 - create IPUIPlugin
2024-01-26 08:23:48,798 [INFO] IPUIPlugin:80 - create IPUIPlugin
2024-01-26 08:23:48,798 [INFO] IPUIPlugin:80 - create IPUIPlugin
2024-01-26 08:23:48,798 [INFO] IPUIPlugin:80 - create IPUIPlugin
2024-01-26 08:23:48,798 [INFO] IPUIPlugin:80 - create IPUIPlugin
2024-01-26 08:23:48,798 [INFO] IPUIPlugin:80 - create IPUIPlugin
2024-01-26 08:23:48,799 [INFO] IPUIPlugin:80 - create IPUIPlugin
2024-01-26 08:23:48,799 [INFO] IPUIPlugin:80 - create IPUIPlugin
2024-01-26 08:23:48,799 [INFO] IPUIPlugin:80 - create IPUIPlugin
2024-01-26 08:23:48,799 [INFO] IPUIPlugin:80 - create IPUIPlugin
2024-01-26 08:23:48,799 [INFO] IPUIPlugin:80 - create IPUIPlugin
2024-01-26 08:23:48,799 [INFO] IPUIPlugin:80 - create IPUIPlugin
2024-01-26 08:23:48,800 [INFO] IPUIPlugin:80 - create IPUIPlugin
2024-01-26 08:23:48,800 [INFO] IPUIPlugin:80 - create IPUIPlugin
2024-01-26 08:23:48,800 [INFO] IPUIPlugin:80 - create IPUIPlugin
2024-01-26 08:23:48,800 [INFO] IPUIPlugin:80 - create IPUIPlugin
2024-01-26 08:23:48,800 [INFO] IPUIPlugin:80 - create IPUIPlugin
2024-01-26 08:23:48,800 [INFO] IPUIPlugin:80 - create IPUIPlugin
2024-01-26 08:23:48,800 [INFO] IPUIPlugin:80 - create IPUIPlugin
2024-01-26 08:23:48,801 [INFO] IPUIPlugin:80 - create IPUIPlugin
2024-01-26 08:23:48,801 [INFO] IPUIPlugin:80 - create IPUIPlugin
2024-01-26 08:23:48,801 [INFO] IPUIPlugin:80 - create IPUIPlugin
2024-01-26 08:23:48,801 [INFO] IPUIPlugin:80 - create IPUIPlugin
2024-01-26 08:23:48,802 [INFO] IPUIPlugin:80 - create IPUIPlugin
2024-01-26 08:23:48,802 [INFO] IPUIPlugin:80 - create IPUIPlugin
2024-01-26 08:23:48,802 [INFO] IPUIPlugin:80 - create IPUIPlugin
2024-01-26 08:23:48,945 [INFO] CADModel:165 - CPN selected for project levelSTM32F103RBT6
2024-01-26 08:23:48,945 [INFO] CADModel:114 - Register for checkConnection events
2024-01-26 08:23:48,996 [INFO] OpenFileManager:343 - Restore cursor
2024-01-26 08:23:52,646 [INFO] NvicIntPanel:101 - NVIC parent = com.st.microxplorer.plugins.ip.nvic.MultiNvicIntPanel[,0,0,0x0,invalid,layout=javax.swing.BoxLayout,alignmentX=0.0,alignmentY=0.0,border=,flags=9,maximumSize=,minimumSize=,preferredSize=]
2024-01-26 08:24:06,798 [INFO] UtilMem:75 - End SaveConfig() Used Memory: 546245896 Bytes (1043333120)
2024-01-26 08:24:07,179 [INFO] BlockDiagram:2759 - set Specific Code input for plugin: NVIC
2024-01-26 08:24:07,179 [INFO] BlockDiagram:2759 - set Specific Code input for plugin: USART
2024-01-26 08:24:07,179 [INFO] BlockDiagram:2759 - set Specific Code input for plugin: USART
2024-01-26 08:24:07,179 [INFO] BlockDiagram:2759 - set Specific Code input for plugin: SYS
2024-01-26 08:24:07,180 [INFO] BlockDiagram:2759 - set Specific Code input for plugin: GPIO
2024-01-26 08:24:07,180 [INFO] BlockDiagram:2759 - set Specific Code input for plugin: RCC
2024-01-26 08:24:07,181 [INFO] CodeGenerator:807 - code generatio: config db path: C:\ST\STM32CubeIDE_1.14.0\STM32CubeIDE\plugins\com.st.stm32cube.common.mx_6.10.0.202311202037\\db\
2024-01-26 08:24:07,419 [INFO] CodeEngine:255 - oldGeneratedFile, C:\Users\SSAFY\STM32CubeIDE\workspace_1.14.0\esp01\MXTmpFiles\license.tmp_save
2024-01-26 08:24:07,711 [INFO] CodeEngine:279 - Generated code: C:\Users\SSAFY\STM32CubeIDE\workspace_1.14.0\esp01\MXTmpFiles\license.tmp
2024-01-26 08:24:07,798 [INFO] CodeEngine:255 - oldGeneratedFile, C:\Users\SSAFY\STM32CubeIDE\workspace_1.14.0\esp01\Core\Src\gpio.c_save
2024-01-26 08:24:07,908 [INFO] CodeEngine:279 - Generated code: C:\Users\SSAFY\STM32CubeIDE\workspace_1.14.0\esp01\Core\Src\gpio.c
2024-01-26 08:24:07,915 [INFO] CodeEngine:255 - oldGeneratedFile, C:\Users\SSAFY\STM32CubeIDE\workspace_1.14.0\esp01\Core\Inc\gpio.h_save
2024-01-26 08:24:07,979 [INFO] CodeEngine:279 - Generated code: C:\Users\SSAFY\STM32CubeIDE\workspace_1.14.0\esp01\Core\Inc\gpio.h
2024-01-26 08:24:08,089 [INFO] CodeEngine:255 - oldGeneratedFile, C:\Users\SSAFY\STM32CubeIDE\workspace_1.14.0\esp01\Core\Src\usart.c_save
2024-01-26 08:24:08,209 [INFO] CodeEngine:279 - Generated code: C:\Users\SSAFY\STM32CubeIDE\workspace_1.14.0\esp01\Core\Src\usart.c
2024-01-26 08:24:08,216 [INFO] CodeEngine:255 - oldGeneratedFile, C:\Users\SSAFY\STM32CubeIDE\workspace_1.14.0\esp01\Core\Inc\usart.h_save
2024-01-26 08:24:08,293 [INFO] CodeEngine:279 - Generated code: C:\Users\SSAFY\STM32CubeIDE\workspace_1.14.0\esp01\Core\Inc\usart.h
2024-01-26 08:24:08,304 [INFO] CodeEngine:255 - oldGeneratedFile, C:\Users\SSAFY\STM32CubeIDE\workspace_1.14.0\esp01\Core\Src\stm32f1xx_it.c_save
2024-01-26 08:24:08,383 [INFO] CodeEngine:279 - Generated code: C:\Users\SSAFY\STM32CubeIDE\workspace_1.14.0\esp01\Core\Src\stm32f1xx_it.c
2024-01-26 08:24:08,390 [INFO] CodeEngine:255 - oldGeneratedFile, C:\Users\SSAFY\STM32CubeIDE\workspace_1.14.0\esp01\Core\Inc\stm32f1xx_it.h_save
2024-01-26 08:24:08,448 [INFO] CodeEngine:279 - Generated code: C:\Users\SSAFY\STM32CubeIDE\workspace_1.14.0\esp01\Core\Inc\stm32f1xx_it.h
2024-01-26 08:24:08,461 [INFO] CodeEngine:255 - oldGeneratedFile, C:\Users\SSAFY\STM32CubeIDE\workspace_1.14.0\esp01\Core\Src\stm32f1xx_hal_msp.c_save
2024-01-26 08:24:08,535 [INFO] CodeEngine:279 - Generated code: C:\Users\SSAFY\STM32CubeIDE\workspace_1.14.0\esp01\Core\Src\stm32f1xx_hal_msp.c
2024-01-26 08:24:08,540 [INFO] CodeEngine:255 - oldGeneratedFile, C:\Users\SSAFY\STM32CubeIDE\workspace_1.14.0\esp01\MXTmpFiles\system.tmp_save
2024-01-26 08:24:08,590 [INFO] CodeEngine:279 - Generated code: C:\Users\SSAFY\STM32CubeIDE\workspace_1.14.0\esp01\MXTmpFiles\system.tmp
2024-01-26 08:24:08,604 [INFO] CodeEngine:311 - oldGeneratedFile, C:\Users\SSAFY\STM32CubeIDE\workspace_1.14.0\esp01\Core\Inc\stm32f1xx_hal_conf.h_save
2024-01-26 08:24:08,664 [INFO] CodeEngine:335 - Generated code: C:\Users\SSAFY\STM32CubeIDE\workspace_1.14.0\esp01\Core\Inc\stm32f1xx_hal_conf.h
2024-01-26 08:24:08,696 [INFO] CodeEngine:255 - oldGeneratedFile, C:\Users\SSAFY\STM32CubeIDE\workspace_1.14.0\esp01\Core\Inc\main.h_save
2024-01-26 08:24:08,766 [INFO] CodeEngine:279 - Generated code: C:\Users\SSAFY\STM32CubeIDE\workspace_1.14.0\esp01\Core\Inc\main.h
2024-01-26 08:24:08,779 [INFO] CodeEngine:255 - oldGeneratedFile, C:\Users\SSAFY\STM32CubeIDE\workspace_1.14.0\esp01\Core\Src\main.c_save
2024-01-26 08:24:08,871 [INFO] CodeEngine:279 - Generated code: C:\Users\SSAFY\STM32CubeIDE\workspace_1.14.0\esp01\Core\Src\main.c
2024-01-26 08:24:09,467 [INFO] ProjectBuilder:3076 - Time for Copy HAL[1] : 179mS.
2024-01-26 08:24:09,471 [INFO] ProjectBuilder:4485 - Project Generator version: 4.2.0-B44
2024-01-26 08:24:09,714 [INFO] ConfigFileManager:1495 - The Die is : DIE410
2024-01-26 08:24:09,724 [INFO] ApiDbMcu:508 - Load IP Config File for FATFS
2024-01-26 08:24:09,729 [INFO] ApiDbMcu:508 - Load IP Config File for FREERTOS
2024-01-26 08:24:09,735 [INFO] ApiDbMcu:508 - Load IP Config File for USB_DEVICE
2024-01-26 08:24:10,465 [INFO] LogOutputStream:77 - [STDOUT_REDIRECT] 
2024-01-26 08:24:11,323 [INFO] ProjectBuilder:4747 - Time for Generating toolchain IDE Files: 1852mS.
2024-01-26 08:24:11,324 [INFO] ProjectBuilder:2947 - Time for Copy CMSIS : 0mS.
2024-01-26 08:24:11,326 [INFO] ProjectBuilder:2947 - Time for Copy CMSIS : 0mS.
2024-01-26 08:25:39,088 [INFO] NvicIntPanel:101 - NVIC parent = com.st.microxplorer.plugins.ip.nvic.MultiNvicIntPanel[,0,0,0x0,invalid,layout=javax.swing.BoxLayout,alignmentX=0.0,alignmentY=0.0,border=,flags=9,maximumSize=,minimumSize=,preferredSize=]
2024-01-26 08:25:45,883 [INFO] UtilMem:75 - End SaveConfig() Used Memory: 678611104 Bytes (1073741824)
2024-01-26 08:25:45,991 [INFO] UtilMem:75 - End SaveConfig() Used Memory: 697474752 Bytes (1073741824)
2024-01-26 08:25:46,140 [INFO] BlockDiagram:2759 - set Specific Code input for plugin: NVIC
2024-01-26 08:25:46,140 [INFO] BlockDiagram:2759 - set Specific Code input for plugin: USART
2024-01-26 08:25:46,140 [INFO] BlockDiagram:2759 - set Specific Code input for plugin: USART
2024-01-26 08:25:46,140 [INFO] BlockDiagram:2759 - set Specific Code input for plugin: SYS
2024-01-26 08:25:46,140 [INFO] BlockDiagram:2759 - set Specific Code input for plugin: GPIO
2024-01-26 08:25:46,140 [INFO] BlockDiagram:2759 - set Specific Code input for plugin: RCC
2024-01-26 08:25:46,141 [INFO] CodeGenerator:807 - code generatio: config db path: C:\ST\STM32CubeIDE_1.14.0\STM32CubeIDE\plugins\com.st.stm32cube.common.mx_6.10.0.202311202037\\db\
2024-01-26 08:25:46,238 [INFO] CodeEngine:255 - oldGeneratedFile, C:\Users\SSAFY\STM32CubeIDE\workspace_1.14.0\esp01\MXTmpFiles\license.tmp_save
2024-01-26 08:25:46,294 [INFO] CodeEngine:279 - Generated code: C:\Users\SSAFY\STM32CubeIDE\workspace_1.14.0\esp01\MXTmpFiles\license.tmp
2024-01-26 08:25:46,317 [INFO] CodeEngine:255 - oldGeneratedFile, C:\Users\SSAFY\STM32CubeIDE\workspace_1.14.0\esp01\Core\Src\gpio.c_save
2024-01-26 08:25:46,379 [INFO] CodeEngine:279 - Generated code: C:\Users\SSAFY\STM32CubeIDE\workspace_1.14.0\esp01\Core\Src\gpio.c
2024-01-26 08:25:46,386 [INFO] CodeEngine:255 - oldGeneratedFile, C:\Users\SSAFY\STM32CubeIDE\workspace_1.14.0\esp01\Core\Inc\gpio.h_save
2024-01-26 08:25:46,440 [INFO] CodeEngine:279 - Generated code: C:\Users\SSAFY\STM32CubeIDE\workspace_1.14.0\esp01\Core\Inc\gpio.h
2024-01-26 08:25:46,509 [INFO] CodeEngine:255 - oldGeneratedFile, C:\Users\SSAFY\STM32CubeIDE\workspace_1.14.0\esp01\Core\Src\usart.c_save
2024-01-26 08:25:46,615 [INFO] CodeEngine:279 - Generated code: C:\Users\SSAFY\STM32CubeIDE\workspace_1.14.0\esp01\Core\Src\usart.c
2024-01-26 08:25:46,622 [INFO] CodeEngine:255 - oldGeneratedFile, C:\Users\SSAFY\STM32CubeIDE\workspace_1.14.0\esp01\Core\Inc\usart.h_save
2024-01-26 08:25:46,680 [INFO] CodeEngine:279 - Generated code: C:\Users\SSAFY\STM32CubeIDE\workspace_1.14.0\esp01\Core\Inc\usart.h
2024-01-26 08:25:46,689 [INFO] CodeEngine:255 - oldGeneratedFile, C:\Users\SSAFY\STM32CubeIDE\workspace_1.14.0\esp01\Core\Src\stm32f1xx_it.c_save
2024-01-26 08:25:46,751 [INFO] CodeEngine:279 - Generated code: C:\Users\SSAFY\STM32CubeIDE\workspace_1.14.0\esp01\Core\Src\stm32f1xx_it.c
2024-01-26 08:25:46,757 [INFO] CodeEngine:255 - oldGeneratedFile, C:\Users\SSAFY\STM32CubeIDE\workspace_1.14.0\esp01\Core\Inc\stm32f1xx_it.h_save
2024-01-26 08:25:46,813 [INFO] CodeEngine:279 - Generated code: C:\Users\SSAFY\STM32CubeIDE\workspace_1.14.0\esp01\Core\Inc\stm32f1xx_it.h
2024-01-26 08:25:46,824 [INFO] CodeEngine:255 - oldGeneratedFile, C:\Users\SSAFY\STM32CubeIDE\workspace_1.14.0\esp01\Core\Src\stm32f1xx_hal_msp.c_save
2024-01-26 08:25:46,892 [INFO] CodeEngine:279 - Generated code: C:\Users\SSAFY\STM32CubeIDE\workspace_1.14.0\esp01\Core\Src\stm32f1xx_hal_msp.c
2024-01-26 08:25:46,896 [INFO] CodeEngine:255 - oldGeneratedFile, C:\Users\SSAFY\STM32CubeIDE\workspace_1.14.0\esp01\MXTmpFiles\system.tmp_save
2024-01-26 08:25:46,952 [INFO] CodeEngine:279 - Generated code: C:\Users\SSAFY\STM32CubeIDE\workspace_1.14.0\esp01\MXTmpFiles\system.tmp
2024-01-26 08:25:46,962 [INFO] CodeEngine:311 - oldGeneratedFile, C:\Users\SSAFY\STM32CubeIDE\workspace_1.14.0\esp01\Core\Inc\stm32f1xx_hal_conf.h_save
2024-01-26 08:25:47,015 [INFO] CodeEngine:335 - Generated code: C:\Users\SSAFY\STM32CubeIDE\workspace_1.14.0\esp01\Core\Inc\stm32f1xx_hal_conf.h
2024-01-26 08:25:47,039 [INFO] CodeEngine:255 - oldGeneratedFile, C:\Users\SSAFY\STM32CubeIDE\workspace_1.14.0\esp01\Core\Inc\main.h_save
2024-01-26 08:25:47,092 [INFO] CodeEngine:279 - Generated code: C:\Users\SSAFY\STM32CubeIDE\workspace_1.14.0\esp01\Core\Inc\main.h
2024-01-26 08:25:47,100 [INFO] CodeEngine:255 - oldGeneratedFile, C:\Users\SSAFY\STM32CubeIDE\workspace_1.14.0\esp01\Core\Src\main.c_save
2024-01-26 08:25:47,171 [INFO] CodeEngine:279 - Generated code: C:\Users\SSAFY\STM32CubeIDE\workspace_1.14.0\esp01\Core\Src\main.c
2024-01-26 08:25:47,633 [INFO] ProjectBuilder:3076 - Time for Copy HAL[1] : 111mS.
2024-01-26 08:25:47,635 [INFO] ProjectBuilder:4485 - Project Generator version: 4.2.0-B44
2024-01-26 08:25:47,878 [INFO] ConfigFileManager:1495 - The Die is : DIE410
2024-01-26 08:25:49,026 [INFO] ProjectBuilder:4747 - Time for Generating toolchain IDE Files: 1391mS.
2024-01-26 08:25:49,027 [INFO] ProjectBuilder:2947 - Time for Copy CMSIS : 0mS.
2024-01-26 08:25:49,030 [INFO] ProjectBuilder:2947 - Time for Copy CMSIS : 0mS.
2024-01-26 09:00:59,937 [INFO] NvicIntPanel:101 - NVIC parent = com.st.microxplorer.plugins.ip.nvic.MultiNvicIntPanel[,0,0,450x196,layout=javax.swing.BoxLayout,alignmentX=0.0,alignmentY=0.0,border=,flags=9,maximumSize=,minimumSize=,preferredSize=]
2024-01-26 09:01:00,814 [INFO] NvicIntPanel:101 - NVIC parent = com.st.microxplorer.plugins.ip.nvic.MultiNvicIntPanel[,0,0,0x0,invalid,layout=javax.swing.BoxLayout,alignmentX=0.0,alignmentY=0.0,border=,flags=9,maximumSize=,minimumSize=,preferredSize=]
2024-01-26 09:01:02,616 [INFO] UtilMem:75 - End SaveConfig() Used Memory: 771862824 Bytes (1073741824)
2024-01-26 09:01:03,816 [INFO] UtilMem:75 - End SaveConfig() Used Memory: 810327904 Bytes (1073741824)
2024-01-26 09:01:03,956 [INFO] BlockDiagram:2759 - set Specific Code input for plugin: NVIC
2024-01-26 09:01:03,956 [INFO] BlockDiagram:2759 - set Specific Code input for plugin: USART
2024-01-26 09:01:03,956 [INFO] BlockDiagram:2759 - set Specific Code input for plugin: USART
2024-01-26 09:01:03,956 [INFO] BlockDiagram:2759 - set Specific Code input for plugin: SYS
2024-01-26 09:01:03,957 [INFO] BlockDiagram:2759 - set Specific Code input for plugin: GPIO
2024-01-26 09:01:03,957 [INFO] BlockDiagram:2759 - set Specific Code input for plugin: RCC
2024-01-26 09:01:03,958 [INFO] CodeGenerator:807 - code generatio: config db path: C:\ST\STM32CubeIDE_1.14.0\STM32CubeIDE\plugins\com.st.stm32cube.common.mx_6.10.0.202311202037\\db\
2024-01-26 09:01:04,061 [INFO] CodeEngine:255 - oldGeneratedFile, C:\Users\SSAFY\STM32CubeIDE\workspace_1.14.0\esp01\MXTmpFiles\license.tmp_save
2024-01-26 09:01:04,196 [INFO] CodeEngine:279 - Generated code: C:\Users\SSAFY\STM32CubeIDE\workspace_1.14.0\esp01\MXTmpFiles\license.tmp
2024-01-26 09:01:04,216 [INFO] CodeEngine:255 - oldGeneratedFile, C:\Users\SSAFY\STM32CubeIDE\workspace_1.14.0\esp01\Core\Src\gpio.c_save
2024-01-26 09:01:04,278 [INFO] CodeEngine:279 - Generated code: C:\Users\SSAFY\STM32CubeIDE\workspace_1.14.0\esp01\Core\Src\gpio.c
2024-01-26 09:01:04,284 [INFO] CodeEngine:255 - oldGeneratedFile, C:\Users\SSAFY\STM32CubeIDE\workspace_1.14.0\esp01\Core\Inc\gpio.h_save
2024-01-26 09:01:04,336 [INFO] CodeEngine:279 - Generated code: C:\Users\SSAFY\STM32CubeIDE\workspace_1.14.0\esp01\Core\Inc\gpio.h
2024-01-26 09:01:04,377 [INFO] CodeEngine:255 - oldGeneratedFile, C:\Users\SSAFY\STM32CubeIDE\workspace_1.14.0\esp01\Core\Src\usart.c_save
2024-01-26 09:01:04,470 [INFO] CodeEngine:279 - Generated code: C:\Users\SSAFY\STM32CubeIDE\workspace_1.14.0\esp01\Core\Src\usart.c
2024-01-26 09:01:04,476 [INFO] CodeEngine:255 - oldGeneratedFile, C:\Users\SSAFY\STM32CubeIDE\workspace_1.14.0\esp01\Core\Inc\usart.h_save
2024-01-26 09:01:04,521 [INFO] CodeEngine:279 - Generated code: C:\Users\SSAFY\STM32CubeIDE\workspace_1.14.0\esp01\Core\Inc\usart.h
2024-01-26 09:01:04,531 [INFO] CodeEngine:255 - oldGeneratedFile, C:\Users\SSAFY\STM32CubeIDE\workspace_1.14.0\esp01\Core\Src\stm32f1xx_it.c_save
2024-01-26 09:01:04,647 [INFO] CodeEngine:279 - Generated code: C:\Users\SSAFY\STM32CubeIDE\workspace_1.14.0\esp01\Core\Src\stm32f1xx_it.c
2024-01-26 09:01:04,655 [INFO] CodeEngine:255 - oldGeneratedFile, C:\Users\SSAFY\STM32CubeIDE\workspace_1.14.0\esp01\Core\Inc\stm32f1xx_it.h_save
2024-01-26 09:01:04,709 [INFO] CodeEngine:279 - Generated code: C:\Users\SSAFY\STM32CubeIDE\workspace_1.14.0\esp01\Core\Inc\stm32f1xx_it.h
2024-01-26 09:01:04,720 [INFO] CodeEngine:255 - oldGeneratedFile, C:\Users\SSAFY\STM32CubeIDE\workspace_1.14.0\esp01\Core\Src\stm32f1xx_hal_msp.c_save
2024-01-26 09:01:04,811 [INFO] CodeEngine:279 - Generated code: C:\Users\SSAFY\STM32CubeIDE\workspace_1.14.0\esp01\Core\Src\stm32f1xx_hal_msp.c
2024-01-26 09:01:04,814 [INFO] CodeEngine:255 - oldGeneratedFile, C:\Users\SSAFY\STM32CubeIDE\workspace_1.14.0\esp01\MXTmpFiles\system.tmp_save
2024-01-26 09:01:04,863 [INFO] CodeEngine:279 - Generated code: C:\Users\SSAFY\STM32CubeIDE\workspace_1.14.0\esp01\MXTmpFiles\system.tmp
2024-01-26 09:01:04,874 [INFO] CodeEngine:311 - oldGeneratedFile, C:\Users\SSAFY\STM32CubeIDE\workspace_1.14.0\esp01\Core\Inc\stm32f1xx_hal_conf.h_save
2024-01-26 09:01:04,933 [INFO] CodeEngine:335 - Generated code: C:\Users\SSAFY\STM32CubeIDE\workspace_1.14.0\esp01\Core\Inc\stm32f1xx_hal_conf.h
2024-01-26 09:01:04,955 [INFO] CodeEngine:255 - oldGeneratedFile, C:\Users\SSAFY\STM32CubeIDE\workspace_1.14.0\esp01\Core\Inc\main.h_save
2024-01-26 09:01:05,028 [INFO] CodeEngine:279 - Generated code: C:\Users\SSAFY\STM32CubeIDE\workspace_1.14.0\esp01\Core\Inc\main.h
2024-01-26 09:01:05,037 [INFO] CodeEngine:255 - oldGeneratedFile, C:\Users\SSAFY\STM32CubeIDE\workspace_1.14.0\esp01\Core\Src\main.c_save
2024-01-26 09:01:05,116 [INFO] CodeEngine:279 - Generated code: C:\Users\SSAFY\STM32CubeIDE\workspace_1.14.0\esp01\Core\Src\main.c
2024-01-26 09:01:05,480 [INFO] ProjectBuilder:3076 - Time for Copy HAL[1] : 121mS.
2024-01-26 09:01:05,482 [INFO] ProjectBuilder:4485 - Project Generator version: 4.2.0-B44
2024-01-26 09:01:05,750 [INFO] ConfigFileManager:1495 - The Die is : DIE410
2024-01-26 09:01:06,837 [INFO] ProjectBuilder:4747 - Time for Generating toolchain IDE Files: 1355mS.
2024-01-26 09:01:06,838 [INFO] ProjectBuilder:2947 - Time for Copy CMSIS : 0mS.
2024-01-26 09:01:06,841 [INFO] ProjectBuilder:2947 - Time for Copy CMSIS : 0mS.
2024-01-26 09:26:16,371 [ERROR] ConfigurationRetriever:142 - IOException on connection: Connect timed out
2024-01-26 09:33:47,128 [INFO] NvicIntPanel:101 - NVIC parent = com.st.microxplorer.plugins.ip.nvic.MultiNvicIntPanel[,0,0,0x0,invalid,layout=javax.swing.BoxLayout,alignmentX=0.0,alignmentY=0.0,border=,flags=9,maximumSize=,minimumSize=,preferredSize=]
2024-01-26 09:33:47,249 [INFO] NvicIntPanel:101 - NVIC parent = com.st.microxplorer.plugins.ip.nvic.MultiNvicIntPanel[,0,0,0x0,invalid,layout=javax.swing.BoxLayout,alignmentX=0.0,alignmentY=0.0,border=,flags=9,maximumSize=,minimumSize=,preferredSize=]
2024-01-26 09:33:49,808 [INFO] UtilMem:75 - End SaveConfig() Used Memory: 582643040 Bytes (1073741824)
2024-01-26 09:33:51,113 [INFO] UtilMem:75 - End SaveConfig() Used Memory: 571579232 Bytes (1073741824)
2024-01-26 09:33:51,301 [INFO] BlockDiagram:2759 - set Specific Code input for plugin: NVIC
2024-01-26 09:33:51,301 [INFO] BlockDiagram:2759 - set Specific Code input for plugin: USART
2024-01-26 09:33:51,301 [INFO] BlockDiagram:2759 - set Specific Code input for plugin: USART
2024-01-26 09:33:51,301 [INFO] BlockDiagram:2759 - set Specific Code input for plugin: SYS
2024-01-26 09:33:51,302 [INFO] BlockDiagram:2759 - set Specific Code input for plugin: GPIO
2024-01-26 09:33:51,302 [INFO] BlockDiagram:2759 - set Specific Code input for plugin: RCC
2024-01-26 09:33:51,303 [INFO] CodeGenerator:807 - code generatio: config db path: C:\ST\STM32CubeIDE_1.14.0\STM32CubeIDE\plugins\com.st.stm32cube.common.mx_6.10.0.202311202037\\db\
2024-01-26 09:33:51,411 [INFO] CodeEngine:255 - oldGeneratedFile, C:\Users\SSAFY\STM32CubeIDE\workspace_1.14.0\esp01\MXTmpFiles\license.tmp_save
2024-01-26 09:33:51,494 [INFO] CodeEngine:279 - Generated code: C:\Users\SSAFY\STM32CubeIDE\workspace_1.14.0\esp01\MXTmpFiles\license.tmp
2024-01-26 09:33:51,520 [INFO] CodeEngine:255 - oldGeneratedFile, C:\Users\SSAFY\STM32CubeIDE\workspace_1.14.0\esp01\Core\Src\gpio.c_save
2024-01-26 09:33:51,586 [INFO] CodeEngine:279 - Generated code: C:\Users\SSAFY\STM32CubeIDE\workspace_1.14.0\esp01\Core\Src\gpio.c
2024-01-26 09:33:51,593 [INFO] CodeEngine:255 - oldGeneratedFile, C:\Users\SSAFY\STM32CubeIDE\workspace_1.14.0\esp01\Core\Inc\gpio.h_save
2024-01-26 09:33:51,645 [INFO] CodeEngine:279 - Generated code: C:\Users\SSAFY\STM32CubeIDE\workspace_1.14.0\esp01\Core\Inc\gpio.h
2024-01-26 09:33:51,684 [INFO] CodeEngine:255 - oldGeneratedFile, C:\Users\SSAFY\STM32CubeIDE\workspace_1.14.0\esp01\Core\Src\usart.c_save
2024-01-26 09:33:51,768 [INFO] CodeEngine:279 - Generated code: C:\Users\SSAFY\STM32CubeIDE\workspace_1.14.0\esp01\Core\Src\usart.c
2024-01-26 09:33:51,774 [INFO] CodeEngine:255 - oldGeneratedFile, C:\Users\SSAFY\STM32CubeIDE\workspace_1.14.0\esp01\Core\Inc\usart.h_save
2024-01-26 09:33:51,824 [INFO] CodeEngine:279 - Generated code: C:\Users\SSAFY\STM32CubeIDE\workspace_1.14.0\esp01\Core\Inc\usart.h
2024-01-26 09:33:51,836 [INFO] CodeEngine:255 - oldGeneratedFile, C:\Users\SSAFY\STM32CubeIDE\workspace_1.14.0\esp01\Core\Src\stm32f1xx_it.c_save
2024-01-26 09:33:51,948 [INFO] CodeEngine:279 - Generated code: C:\Users\SSAFY\STM32CubeIDE\workspace_1.14.0\esp01\Core\Src\stm32f1xx_it.c
2024-01-26 09:33:51,953 [INFO] CodeEngine:255 - oldGeneratedFile, C:\Users\SSAFY\STM32CubeIDE\workspace_1.14.0\esp01\Core\Inc\stm32f1xx_it.h_save
2024-01-26 09:33:52,001 [INFO] CodeEngine:279 - Generated code: C:\Users\SSAFY\STM32CubeIDE\workspace_1.14.0\esp01\Core\Inc\stm32f1xx_it.h
2024-01-26 09:33:52,011 [INFO] CodeEngine:255 - oldGeneratedFile, C:\Users\SSAFY\STM32CubeIDE\workspace_1.14.0\esp01\Core\Src\stm32f1xx_hal_msp.c_save
2024-01-26 09:33:52,079 [INFO] CodeEngine:279 - Generated code: C:\Users\SSAFY\STM32CubeIDE\workspace_1.14.0\esp01\Core\Src\stm32f1xx_hal_msp.c
2024-01-26 09:33:52,083 [INFO] CodeEngine:255 - oldGeneratedFile, C:\Users\SSAFY\STM32CubeIDE\workspace_1.14.0\esp01\MXTmpFiles\system.tmp_save
2024-01-26 09:33:52,130 [INFO] CodeEngine:279 - Generated code: C:\Users\SSAFY\STM32CubeIDE\workspace_1.14.0\esp01\MXTmpFiles\system.tmp
2024-01-26 09:33:52,140 [INFO] CodeEngine:311 - oldGeneratedFile, C:\Users\SSAFY\STM32CubeIDE\workspace_1.14.0\esp01\Core\Inc\stm32f1xx_hal_conf.h_save
2024-01-26 09:33:52,196 [INFO] CodeEngine:335 - Generated code: C:\Users\SSAFY\STM32CubeIDE\workspace_1.14.0\esp01\Core\Inc\stm32f1xx_hal_conf.h
2024-01-26 09:33:52,240 [INFO] CodeEngine:255 - oldGeneratedFile, C:\Users\SSAFY\STM32CubeIDE\workspace_1.14.0\esp01\Core\Inc\main.h_save
2024-01-26 09:33:52,320 [INFO] CodeEngine:279 - Generated code: C:\Users\SSAFY\STM32CubeIDE\workspace_1.14.0\esp01\Core\Inc\main.h
2024-01-26 09:33:52,330 [INFO] CodeEngine:255 - oldGeneratedFile, C:\Users\SSAFY\STM32CubeIDE\workspace_1.14.0\esp01\Core\Src\main.c_save
2024-01-26 09:33:52,401 [INFO] CodeEngine:279 - Generated code: C:\Users\SSAFY\STM32CubeIDE\workspace_1.14.0\esp01\Core\Src\main.c
2024-01-26 09:33:52,885 [INFO] ProjectBuilder:3076 - Time for Copy HAL[1] : 137mS.
2024-01-26 09:33:52,887 [INFO] ProjectBuilder:4485 - Project Generator version: 4.2.0-B44
2024-01-26 09:33:53,042 [INFO] ConfigFileManager:1495 - The Die is : DIE410
2024-01-26 09:33:54,199 [INFO] ProjectBuilder:4747 - Time for Generating toolchain IDE Files: 1312mS.
2024-01-26 09:33:54,200 [INFO] ProjectBuilder:2947 - Time for Copy CMSIS : 1mS.
2024-01-26 09:33:54,203 [INFO] ProjectBuilder:2947 - Time for Copy CMSIS : 1mS.
2024-01-26 09:34:29,318 [INFO] UtilMem:75 - End SaveConfig() Used Memory: 696837752 Bytes (1073741824)
2024-01-26 09:34:29,483 [INFO] BlockDiagram:2759 - set Specific Code input for plugin: NVIC
2024-01-26 09:34:29,483 [INFO] BlockDiagram:2759 - set Specific Code input for plugin: USART
2024-01-26 09:34:29,483 [INFO] BlockDiagram:2759 - set Specific Code input for plugin: USART
2024-01-26 09:34:29,483 [INFO] BlockDiagram:2759 - set Specific Code input for plugin: SYS
2024-01-26 09:34:29,483 [INFO] BlockDiagram:2759 - set Specific Code input for plugin: GPIO
2024-01-26 09:34:29,483 [INFO] BlockDiagram:2759 - set Specific Code input for plugin: RCC
2024-01-26 09:34:29,484 [INFO] CodeGenerator:807 - code generatio: config db path: C:\ST\STM32CubeIDE_1.14.0\STM32CubeIDE\plugins\com.st.stm32cube.common.mx_6.10.0.202311202037\\db\
2024-01-26 09:34:29,591 [INFO] CodeEngine:255 - oldGeneratedFile, C:\Users\SSAFY\STM32CubeIDE\workspace_1.14.0\esp01\MXTmpFiles\license.tmp_save
2024-01-26 09:34:29,644 [INFO] CodeEngine:279 - Generated code: C:\Users\SSAFY\STM32CubeIDE\workspace_1.14.0\esp01\MXTmpFiles\license.tmp
2024-01-26 09:34:29,663 [INFO] CodeEngine:255 - oldGeneratedFile, C:\Users\SSAFY\STM32CubeIDE\workspace_1.14.0\esp01\Core\Src\gpio.c_save
2024-01-26 09:34:29,732 [INFO] CodeEngine:279 - Generated code: C:\Users\SSAFY\STM32CubeIDE\workspace_1.14.0\esp01\Core\Src\gpio.c
2024-01-26 09:34:29,737 [INFO] CodeEngine:255 - oldGeneratedFile, C:\Users\SSAFY\STM32CubeIDE\workspace_1.14.0\esp01\Core\Inc\gpio.h_save
2024-01-26 09:34:29,789 [INFO] CodeEngine:279 - Generated code: C:\Users\SSAFY\STM32CubeIDE\workspace_1.14.0\esp01\Core\Inc\gpio.h
2024-01-26 09:34:29,832 [INFO] CodeEngine:255 - oldGeneratedFile, C:\Users\SSAFY\STM32CubeIDE\workspace_1.14.0\esp01\Core\Src\usart.c_save
2024-01-26 09:34:29,905 [INFO] CodeEngine:279 - Generated code: C:\Users\SSAFY\STM32CubeIDE\workspace_1.14.0\esp01\Core\Src\usart.c
2024-01-26 09:34:29,911 [INFO] CodeEngine:255 - oldGeneratedFile, C:\Users\SSAFY\STM32CubeIDE\workspace_1.14.0\esp01\Core\Inc\usart.h_save
2024-01-26 09:34:29,959 [INFO] CodeEngine:279 - Generated code: C:\Users\SSAFY\STM32CubeIDE\workspace_1.14.0\esp01\Core\Inc\usart.h
2024-01-26 09:34:29,972 [INFO] CodeEngine:255 - oldGeneratedFile, C:\Users\SSAFY\STM32CubeIDE\workspace_1.14.0\esp01\Core\Src\stm32f1xx_it.c_save
2024-01-26 09:34:30,023 [INFO] CodeEngine:279 - Generated code: C:\Users\SSAFY\STM32CubeIDE\workspace_1.14.0\esp01\Core\Src\stm32f1xx_it.c
2024-01-26 09:34:30,028 [INFO] CodeEngine:255 - oldGeneratedFile, C:\Users\SSAFY\STM32CubeIDE\workspace_1.14.0\esp01\Core\Inc\stm32f1xx_it.h_save
2024-01-26 09:34:30,073 [INFO] CodeEngine:279 - Generated code: C:\Users\SSAFY\STM32CubeIDE\workspace_1.14.0\esp01\Core\Inc\stm32f1xx_it.h
2024-01-26 09:34:30,083 [INFO] CodeEngine:255 - oldGeneratedFile, C:\Users\SSAFY\STM32CubeIDE\workspace_1.14.0\esp01\Core\Src\stm32f1xx_hal_msp.c_save
2024-01-26 09:34:30,146 [INFO] CodeEngine:279 - Generated code: C:\Users\SSAFY\STM32CubeIDE\workspace_1.14.0\esp01\Core\Src\stm32f1xx_hal_msp.c
2024-01-26 09:34:30,149 [INFO] CodeEngine:255 - oldGeneratedFile, C:\Users\SSAFY\STM32CubeIDE\workspace_1.14.0\esp01\MXTmpFiles\system.tmp_save
2024-01-26 09:34:30,195 [INFO] CodeEngine:279 - Generated code: C:\Users\SSAFY\STM32CubeIDE\workspace_1.14.0\esp01\MXTmpFiles\system.tmp
2024-01-26 09:34:30,204 [INFO] CodeEngine:311 - oldGeneratedFile, C:\Users\SSAFY\STM32CubeIDE\workspace_1.14.0\esp01\Core\Inc\stm32f1xx_hal_conf.h_save
2024-01-26 09:34:30,256 [INFO] CodeEngine:335 - Generated code: C:\Users\SSAFY\STM32CubeIDE\workspace_1.14.0\esp01\Core\Inc\stm32f1xx_hal_conf.h
2024-01-26 09:34:30,273 [INFO] CodeEngine:255 - oldGeneratedFile, C:\Users\SSAFY\STM32CubeIDE\workspace_1.14.0\esp01\Core\Inc\main.h_save
2024-01-26 09:34:30,322 [INFO] CodeEngine:279 - Generated code: C:\Users\SSAFY\STM32CubeIDE\workspace_1.14.0\esp01\Core\Inc\main.h
2024-01-26 09:34:30,330 [INFO] CodeEngine:255 - oldGeneratedFile, C:\Users\SSAFY\STM32CubeIDE\workspace_1.14.0\esp01\Core\Src\main.c_save
2024-01-26 09:34:30,394 [INFO] CodeEngine:279 - Generated code: C:\Users\SSAFY\STM32CubeIDE\workspace_1.14.0\esp01\Core\Src\main.c
2024-01-26 09:34:30,990 [INFO] ProjectBuilder:3076 - Time for Copy HAL[1] : 129mS.
2024-01-26 09:34:30,992 [INFO] ProjectBuilder:4485 - Project Generator version: 4.2.0-B44
2024-01-26 09:34:31,239 [INFO] ConfigFileManager:1495 - The Die is : DIE410
2024-01-26 09:34:32,283 [INFO] ProjectBuilder:4747 - Time for Generating toolchain IDE Files: 1291mS.
2024-01-26 09:34:32,283 [INFO] ProjectBuilder:2947 - Time for Copy CMSIS : 0mS.
2024-01-26 09:34:32,285 [INFO] ProjectBuilder:2947 - Time for Copy CMSIS : 0mS.
2024-01-26 16:11:29,846 [INFO] NvicIntPanel:101 - NVIC parent = com.st.microxplorer.plugins.ip.nvic.MultiNvicIntPanel[,0,0,0x0,invalid,layout=javax.swing.BoxLayout,alignmentX=0.0,alignmentY=0.0,border=,flags=9,maximumSize=,minimumSize=,preferredSize=]
2024-01-26 16:11:29,944 [INFO] NvicIntPanel:101 - NVIC parent = com.st.microxplorer.plugins.ip.nvic.MultiNvicIntPanel[,0,0,0x0,invalid,layout=javax.swing.BoxLayout,alignmentX=0.0,alignmentY=0.0,border=,flags=9,maximumSize=,minimumSize=,preferredSize=]
2024-01-26 16:11:32,090 [INFO] UtilMem:75 - End SaveConfig() Used Memory: 557561008 Bytes (1073741824)
2024-01-26 16:11:34,068 [INFO] UtilMem:75 - End SaveConfig() Used Memory: 588987088 Bytes (1073741824)
2024-01-26 16:11:34,243 [INFO] BlockDiagram:2759 - set Specific Code input for plugin: NVIC
2024-01-26 16:11:34,243 [INFO] BlockDiagram:2759 - set Specific Code input for plugin: USART
2024-01-26 16:11:34,243 [INFO] BlockDiagram:2759 - set Specific Code input for plugin: USART
2024-01-26 16:11:34,243 [INFO] BlockDiagram:2759 - set Specific Code input for plugin: SYS
2024-01-26 16:11:34,244 [INFO] BlockDiagram:2759 - set Specific Code input for plugin: GPIO
2024-01-26 16:11:34,244 [INFO] BlockDiagram:2759 - set Specific Code input for plugin: RCC
2024-01-26 16:11:34,245 [INFO] CodeGenerator:807 - code generatio: config db path: C:\ST\STM32CubeIDE_1.14.0\STM32CubeIDE\plugins\com.st.stm32cube.common.mx_6.10.0.202311202037\\db\
2024-01-26 16:11:34,359 [INFO] CodeEngine:255 - oldGeneratedFile, C:\Users\SSAFY\STM32CubeIDE\workspace_1.14.0\esp01\MXTmpFiles\license.tmp_save
2024-01-26 16:11:34,453 [INFO] CodeEngine:279 - Generated code: C:\Users\SSAFY\STM32CubeIDE\workspace_1.14.0\esp01\MXTmpFiles\license.tmp
2024-01-26 16:11:34,484 [INFO] CodeEngine:255 - oldGeneratedFile, C:\Users\SSAFY\STM32CubeIDE\workspace_1.14.0\esp01\Core\Src\gpio.c_save
2024-01-26 16:11:34,546 [INFO] CodeEngine:279 - Generated code: C:\Users\SSAFY\STM32CubeIDE\workspace_1.14.0\esp01\Core\Src\gpio.c
2024-01-26 16:11:34,562 [INFO] CodeEngine:255 - oldGeneratedFile, C:\Users\SSAFY\STM32CubeIDE\workspace_1.14.0\esp01\Core\Inc\gpio.h_save
2024-01-26 16:11:34,609 [INFO] CodeEngine:279 - Generated code: C:\Users\SSAFY\STM32CubeIDE\workspace_1.14.0\esp01\Core\Inc\gpio.h
2024-01-26 16:11:34,653 [INFO] CodeEngine:255 - oldGeneratedFile, C:\Users\SSAFY\STM32CubeIDE\workspace_1.14.0\esp01\Core\Src\usart.c_save
2024-01-26 16:11:34,741 [INFO] CodeEngine:279 - Generated code: C:\Users\SSAFY\STM32CubeIDE\workspace_1.14.0\esp01\Core\Src\usart.c
2024-01-26 16:11:34,748 [INFO] CodeEngine:255 - oldGeneratedFile, C:\Users\SSAFY\STM32CubeIDE\workspace_1.14.0\esp01\Core\Inc\usart.h_save
2024-01-26 16:11:34,799 [INFO] CodeEngine:279 - Generated code: C:\Users\SSAFY\STM32CubeIDE\workspace_1.14.0\esp01\Core\Inc\usart.h
2024-01-26 16:11:34,811 [INFO] CodeEngine:255 - oldGeneratedFile, C:\Users\SSAFY\STM32CubeIDE\workspace_1.14.0\esp01\Core\Src\stm32f1xx_it.c_save
2024-01-26 16:11:34,945 [INFO] CodeEngine:279 - Generated code: C:\Users\SSAFY\STM32CubeIDE\workspace_1.14.0\esp01\Core\Src\stm32f1xx_it.c
2024-01-26 16:11:34,953 [INFO] CodeEngine:255 - oldGeneratedFile, C:\Users\SSAFY\STM32CubeIDE\workspace_1.14.0\esp01\Core\Inc\stm32f1xx_it.h_save
2024-01-26 16:11:35,008 [INFO] CodeEngine:279 - Generated code: C:\Users\SSAFY\STM32CubeIDE\workspace_1.14.0\esp01\Core\Inc\stm32f1xx_it.h
2024-01-26 16:11:35,020 [INFO] CodeEngine:255 - oldGeneratedFile, C:\Users\SSAFY\STM32CubeIDE\workspace_1.14.0\esp01\Core\Src\stm32f1xx_hal_msp.c_save
2024-01-26 16:11:35,189 [INFO] CodeEngine:279 - Generated code: C:\Users\SSAFY\STM32CubeIDE\workspace_1.14.0\esp01\Core\Src\stm32f1xx_hal_msp.c
2024-01-26 16:11:35,194 [INFO] CodeEngine:255 - oldGeneratedFile, C:\Users\SSAFY\STM32CubeIDE\workspace_1.14.0\esp01\MXTmpFiles\system.tmp_save
2024-01-26 16:11:35,246 [INFO] CodeEngine:279 - Generated code: C:\Users\SSAFY\STM32CubeIDE\workspace_1.14.0\esp01\MXTmpFiles\system.tmp
2024-01-26 16:11:35,258 [INFO] CodeEngine:311 - oldGeneratedFile, C:\Users\SSAFY\STM32CubeIDE\workspace_1.14.0\esp01\Core\Inc\stm32f1xx_hal_conf.h_save
2024-01-26 16:11:35,320 [INFO] CodeEngine:335 - Generated code: C:\Users\SSAFY\STM32CubeIDE\workspace_1.14.0\esp01\Core\Inc\stm32f1xx_hal_conf.h
2024-01-26 16:11:35,339 [INFO] CodeEngine:255 - oldGeneratedFile, C:\Users\SSAFY\STM32CubeIDE\workspace_1.14.0\esp01\Core\Inc\main.h_save
2024-01-26 16:11:35,401 [INFO] CodeEngine:279 - Generated code: C:\Users\SSAFY\STM32CubeIDE\workspace_1.14.0\esp01\Core\Inc\main.h
2024-01-26 16:11:35,414 [INFO] CodeEngine:255 - oldGeneratedFile, C:\Users\SSAFY\STM32CubeIDE\workspace_1.14.0\esp01\Core\Src\main.c_save
2024-01-26 16:11:35,489 [INFO] CodeEngine:279 - Generated code: C:\Users\SSAFY\STM32CubeIDE\workspace_1.14.0\esp01\Core\Src\main.c
2024-01-26 16:11:35,986 [INFO] ProjectBuilder:3076 - Time for Copy HAL[1] : 133mS.
2024-01-26 16:11:35,988 [INFO] ProjectBuilder:4485 - Project Generator version: 4.2.0-B44
2024-01-26 16:11:36,134 [INFO] ConfigFileManager:1495 - The Die is : DIE410
2024-01-26 16:11:37,398 [INFO] ProjectBuilder:4747 - Time for Generating toolchain IDE Files: 1410mS.
2024-01-26 16:11:37,399 [INFO] ProjectBuilder:2947 - Time for Copy CMSIS : 1mS.
2024-01-26 16:11:37,401 [INFO] ProjectBuilder:2947 - Time for Copy CMSIS : 0mS.
2024-01-26 17:59:47,081 [ERROR] LogOutputStream:75 - [STDERR_REDIRECT] 
